2021-07-06 16:11:20,191 [Worker-3] INFO  c.g.t.t.d.PublishedGradleVersions - Gradle version information cache is up-to-date. Trying to read.
2021-07-06 16:23:40,655 [Worker-33] INFO  o.e.m.c.i.p.ProjectConfigurationManager - Update started
2021-07-06 16:23:43,230 [Worker-33] INFO  o.e.m.c.i.e.AbstractTransferListenerAdapter - Downloading https://repo.maven.apache.org/maven2/org/springframework/boot/spring-boot-starter-parent/2.5.2/spring-boot-starter-parent-2.5.2.pom
2021-07-06 16:23:43,892 [Worker-33] INFO  o.e.m.c.i.e.AbstractTransferListenerAdapter - Downloaded https://repo.maven.apache.org/maven2/org/springframework/boot/spring-boot-starter-parent/2.5.2/spring-boot-starter-parent-2.5.2.pom
2021-07-06 16:23:44,226 [Worker-33] INFO  o.e.m.c.i.e.AbstractTransferListenerAdapter - Downloading https://repo.maven.apache.org/maven2/org/springframework/boot/spring-boot-dependencies/2.5.2/spring-boot-dependencies-2.5.2.pom
2021-07-06 16:23:45,234 [Worker-33] INFO  o.e.m.c.i.e.AbstractTransferListenerAdapter - Downloaded https://repo.maven.apache.org/maven2/org/springframework/boot/spring-boot-dependencies/2.5.2/spring-boot-dependencies-2.5.2.pom
2021-07-06 16:23:45,590 [Worker-33] INFO  o.e.m.c.i.e.AbstractTransferListenerAdapter - Downloading https://repo.maven.apache.org/maven2/com/datastax/oss/java-driver-bom/4.11.2/java-driver-bom-4.11.2.pom
2021-07-06 16:23:45,877 [Worker-33] INFO  o.e.m.c.i.e.AbstractTransferListenerAdapter - Downloaded https://repo.maven.apache.org/maven2/com/datastax/oss/java-driver-bom/4.11.2/java-driver-bom-4.11.2.pom
2021-07-06 16:23:46,395 [Worker-33] INFO  o.e.m.c.i.e.AbstractTransferListenerAdapter - Downloading https://repo.maven.apache.org/maven2/io/dropwizard/metrics/metrics-bom/4.1.24/metrics-bom-4.1.24.pom
2021-07-06 16:23:46,815 [Worker-33] INFO  o.e.m.c.i.e.AbstractTransferListenerAdapter - Downloaded https://repo.maven.apache.org/maven2/io/dropwizard/metrics/metrics-bom/4.1.24/metrics-bom-4.1.24.pom
2021-07-06 16:23:47,151 [Worker-33] INFO  o.e.m.c.i.e.AbstractTransferListenerAdapter - Downloading https://repo.maven.apache.org/maven2/io/dropwizard/metrics/metrics-parent/4.1.24/metrics-parent-4.1.24.pom
2021-07-06 16:23:47,472 [Worker-33] INFO  o.e.m.c.i.e.AbstractTransferListenerAdapter - Downloaded https://repo.maven.apache.org/maven2/io/dropwizard/metrics/metrics-parent/4.1.24/metrics-parent-4.1.24.pom
2021-07-06 16:23:47,798 [Worker-33] INFO  o.e.m.c.i.e.AbstractTransferListenerAdapter - Downloading https://repo.maven.apache.org/maven2/org/codehaus/groovy/groovy-bom/3.0.8/groovy-bom-3.0.8.pom
2021-07-06 16:23:48,128 [Worker-33] INFO  o.e.m.c.i.e.AbstractTransferListenerAdapter - Downloaded https://repo.maven.apache.org/maven2/org/codehaus/groovy/groovy-bom/3.0.8/groovy-bom-3.0.8.pom
2021-07-06 16:23:48,471 [Worker-33] INFO  o.e.m.c.i.e.AbstractTransferListenerAdapter - Downloading https://repo.maven.apache.org/maven2/org/infinispan/infinispan-bom/12.1.4.Final/infinispan-bom-12.1.4.Final.pom
2021-07-06 16:23:48,787 [Worker-33] INFO  o.e.m.c.i.e.AbstractTransferListenerAdapter - Downloaded https://repo.maven.apache.org/maven2/org/infinispan/infinispan-bom/12.1.4.Final/infinispan-bom-12.1.4.Final.pom
2021-07-06 16:23:49,112 [Worker-33] INFO  o.e.m.c.i.e.AbstractTransferListenerAdapter - Downloading https://repo.maven.apache.org/maven2/org/infinispan/infinispan-build-configuration-parent/12.1.4.Final/infinispan-build-configuration-parent-12.1.4.Final.pom
2021-07-06 16:23:49,404 [Worker-33] INFO  o.e.m.c.i.e.AbstractTransferListenerAdapter - Downloaded https://repo.maven.apache.org/maven2/org/infinispan/infinispan-build-configuration-parent/12.1.4.Final/infinispan-build-configuration-parent-12.1.4.Final.pom
2021-07-06 16:23:49,736 [Worker-33] INFO  o.e.m.c.i.e.AbstractTransferListenerAdapter - Downloading https://repo.maven.apache.org/maven2/com/fasterxml/jackson/jackson-bom/2.12.3/jackson-bom-2.12.3.pom
2021-07-06 16:23:50,128 [Worker-33] INFO  o.e.m.c.i.e.AbstractTransferListenerAdapter - Downloaded https://repo.maven.apache.org/maven2/com/fasterxml/jackson/jackson-bom/2.12.3/jackson-bom-2.12.3.pom
2021-07-06 16:23:50,450 [Worker-33] INFO  o.e.m.c.i.e.AbstractTransferListenerAdapter - Downloading https://repo.maven.apache.org/maven2/com/fasterxml/jackson/jackson-parent/2.12/jackson-parent-2.12.pom
2021-07-06 16:23:50,752 [Worker-33] INFO  o.e.m.c.i.e.AbstractTransferListenerAdapter - Downloaded https://repo.maven.apache.org/maven2/com/fasterxml/jackson/jackson-parent/2.12/jackson-parent-2.12.pom
2021-07-06 16:23:51,073 [Worker-33] INFO  o.e.m.c.i.e.AbstractTransferListenerAdapter - Downloading https://repo.maven.apache.org/maven2/com/fasterxml/oss-parent/41/oss-parent-41.pom
2021-07-06 16:23:51,366 [Worker-33] INFO  o.e.m.c.i.e.AbstractTransferListenerAdapter - Downloaded https://repo.maven.apache.org/maven2/com/fasterxml/oss-parent/41/oss-parent-41.pom
2021-07-06 16:23:51,715 [Worker-33] INFO  o.e.m.c.i.e.AbstractTransferListenerAdapter - Downloading https://repo.maven.apache.org/maven2/org/glassfish/jersey/jersey-bom/2.33/jersey-bom-2.33.pom
2021-07-06 16:23:52,037 [Worker-33] INFO  o.e.m.c.i.e.AbstractTransferListenerAdapter - Downloaded https://repo.maven.apache.org/maven2/org/glassfish/jersey/jersey-bom/2.33/jersey-bom-2.33.pom
2021-07-06 16:23:52,467 [Worker-33] INFO  o.e.m.c.i.e.AbstractTransferListenerAdapter - Downloading https://repo.maven.apache.org/maven2/org/eclipse/jetty/jetty-bom/9.4.42.v20210604/jetty-bom-9.4.42.v20210604.pom
2021-07-06 16:23:53,083 [Worker-33] INFO  o.e.m.c.i.e.AbstractTransferListenerAdapter - Downloaded https://repo.maven.apache.org/maven2/org/eclipse/jetty/jetty-bom/9.4.42.v20210604/jetty-bom-9.4.42.v20210604.pom
2021-07-06 16:23:53,388 [Worker-33] INFO  o.e.m.c.i.e.AbstractTransferListenerAdapter - Downloading https://repo.maven.apache.org/maven2/org/junit/junit-bom/5.7.2/junit-bom-5.7.2.pom
2021-07-06 16:23:53,672 [Worker-33] INFO  o.e.m.c.i.e.AbstractTransferListenerAdapter - Downloaded https://repo.maven.apache.org/maven2/org/junit/junit-bom/5.7.2/junit-bom-5.7.2.pom
2021-07-06 16:23:54,029 [Worker-33] INFO  o.e.m.c.i.e.AbstractTransferListenerAdapter - Downloading https://repo.maven.apache.org/maven2/org/jetbrains/kotlin/kotlin-bom/1.5.20/kotlin-bom-1.5.20.pom
2021-07-06 16:23:54,324 [Worker-33] INFO  o.e.m.c.i.e.AbstractTransferListenerAdapter - Downloaded https://repo.maven.apache.org/maven2/org/jetbrains/kotlin/kotlin-bom/1.5.20/kotlin-bom-1.5.20.pom
2021-07-06 16:23:54,713 [Worker-33] INFO  o.e.m.c.i.e.AbstractTransferListenerAdapter - Downloading https://repo.maven.apache.org/maven2/org/jetbrains/kotlinx/kotlinx-coroutines-bom/1.5.0/kotlinx-coroutines-bom-1.5.0.pom
2021-07-06 16:23:54,995 [Worker-33] INFO  o.e.m.c.i.e.AbstractTransferListenerAdapter - Downloaded https://repo.maven.apache.org/maven2/org/jetbrains/kotlinx/kotlinx-coroutines-bom/1.5.0/kotlinx-coroutines-bom-1.5.0.pom
2021-07-06 16:23:55,336 [Worker-33] INFO  o.e.m.c.i.e.AbstractTransferListenerAdapter - Downloading https://repo.maven.apache.org/maven2/org/apache/logging/log4j/log4j-bom/2.14.1/log4j-bom-2.14.1.pom
2021-07-06 16:23:55,636 [Worker-33] INFO  o.e.m.c.i.e.AbstractTransferListenerAdapter - Downloaded https://repo.maven.apache.org/maven2/org/apache/logging/log4j/log4j-bom/2.14.1/log4j-bom-2.14.1.pom
2021-07-06 16:23:55,958 [Worker-33] INFO  o.e.m.c.i.e.AbstractTransferListenerAdapter - Downloading https://repo.maven.apache.org/maven2/org/apache/logging/logging-parent/3/logging-parent-3.pom
2021-07-06 16:23:56,242 [Worker-33] INFO  o.e.m.c.i.e.AbstractTransferListenerAdapter - Downloaded https://repo.maven.apache.org/maven2/org/apache/logging/logging-parent/3/logging-parent-3.pom
2021-07-06 16:23:56,589 [Worker-33] INFO  o.e.m.c.i.e.AbstractTransferListenerAdapter - Downloading https://repo.maven.apache.org/maven2/io/micrometer/micrometer-bom/1.7.1/micrometer-bom-1.7.1.pom
2021-07-06 16:23:56,905 [Worker-33] INFO  o.e.m.c.i.e.AbstractTransferListenerAdapter - Downloaded https://repo.maven.apache.org/maven2/io/micrometer/micrometer-bom/1.7.1/micrometer-bom-1.7.1.pom
2021-07-06 16:23:57,233 [Worker-33] INFO  o.e.m.c.i.e.AbstractTransferListenerAdapter - Downloading https://repo.maven.apache.org/maven2/io/netty/netty-bom/4.1.65.Final/netty-bom-4.1.65.Final.pom
2021-07-06 16:23:57,521 [Worker-33] INFO  o.e.m.c.i.e.AbstractTransferListenerAdapter - Downloaded https://repo.maven.apache.org/maven2/io/netty/netty-bom/4.1.65.Final/netty-bom-4.1.65.Final.pom
2021-07-06 16:23:57,869 [Worker-33] INFO  o.e.m.c.i.e.AbstractTransferListenerAdapter - Downloading https://repo.maven.apache.org/maven2/com/oracle/database/jdbc/ojdbc-bom/21.1.0.0/ojdbc-bom-21.1.0.0.pom
2021-07-06 16:23:58,228 [Worker-33] INFO  o.e.m.c.i.e.AbstractTransferListenerAdapter - Downloaded https://repo.maven.apache.org/maven2/com/oracle/database/jdbc/ojdbc-bom/21.1.0.0/ojdbc-bom-21.1.0.0.pom
2021-07-06 16:23:58,567 [Worker-33] INFO  o.e.m.c.i.e.AbstractTransferListenerAdapter - Downloading https://repo.maven.apache.org/maven2/io/r2dbc/r2dbc-bom/Arabba-SR10/r2dbc-bom-Arabba-SR10.pom
2021-07-06 16:23:58,885 [Worker-33] INFO  o.e.m.c.i.e.AbstractTransferListenerAdapter - Downloaded https://repo.maven.apache.org/maven2/io/r2dbc/r2dbc-bom/Arabba-SR10/r2dbc-bom-Arabba-SR10.pom
2021-07-06 16:23:59,218 [Worker-33] INFO  o.e.m.c.i.e.AbstractTransferListenerAdapter - Downloading https://repo.maven.apache.org/maven2/io/projectreactor/reactor-bom/2020.0.8/reactor-bom-2020.0.8.pom
2021-07-06 16:23:59,561 [Worker-33] INFO  o.e.m.c.i.e.AbstractTransferListenerAdapter - Downloaded https://repo.maven.apache.org/maven2/io/projectreactor/reactor-bom/2020.0.8/reactor-bom-2020.0.8.pom
2021-07-06 16:23:59,958 [Worker-33] INFO  o.e.m.c.i.e.AbstractTransferListenerAdapter - Downloading https://repo.maven.apache.org/maven2/io/rsocket/rsocket-bom/1.1.1/rsocket-bom-1.1.1.pom
2021-07-06 16:24:00,249 [Worker-33] INFO  o.e.m.c.i.e.AbstractTransferListenerAdapter - Downloaded https://repo.maven.apache.org/maven2/io/rsocket/rsocket-bom/1.1.1/rsocket-bom-1.1.1.pom
2021-07-06 16:24:00,608 [Worker-33] INFO  o.e.m.c.i.e.AbstractTransferListenerAdapter - Downloading https://repo.maven.apache.org/maven2/org/springframework/data/spring-data-bom/2021.0.2/spring-data-bom-2021.0.2.pom
2021-07-06 16:24:00,994 [Worker-33] INFO  o.e.m.c.i.e.AbstractTransferListenerAdapter - Downloaded https://repo.maven.apache.org/maven2/org/springframework/data/spring-data-bom/2021.0.2/spring-data-bom-2021.0.2.pom
2021-07-06 16:24:01,309 [Worker-33] INFO  o.e.m.c.i.e.AbstractTransferListenerAdapter - Downloading https://repo.maven.apache.org/maven2/org/springframework/spring-framework-bom/5.3.8/spring-framework-bom-5.3.8.pom
2021-07-06 16:24:01,621 [Worker-33] INFO  o.e.m.c.i.e.AbstractTransferListenerAdapter - Downloaded https://repo.maven.apache.org/maven2/org/springframework/spring-framework-bom/5.3.8/spring-framework-bom-5.3.8.pom
2021-07-06 16:24:01,951 [Worker-33] INFO  o.e.m.c.i.e.AbstractTransferListenerAdapter - Downloading https://repo.maven.apache.org/maven2/org/springframework/integration/spring-integration-bom/5.5.1/spring-integration-bom-5.5.1.pom
2021-07-06 16:24:02,319 [Worker-33] INFO  o.e.m.c.i.e.AbstractTransferListenerAdapter - Downloaded https://repo.maven.apache.org/maven2/org/springframework/integration/spring-integration-bom/5.5.1/spring-integration-bom-5.5.1.pom
2021-07-06 16:24:02,630 [Worker-33] INFO  o.e.m.c.i.e.AbstractTransferListenerAdapter - Downloading https://repo.maven.apache.org/maven2/org/springframework/security/spring-security-bom/5.5.1/spring-security-bom-5.5.1.pom
2021-07-06 16:24:02,956 [Worker-33] INFO  o.e.m.c.i.e.AbstractTransferListenerAdapter - Downloaded https://repo.maven.apache.org/maven2/org/springframework/security/spring-security-bom/5.5.1/spring-security-bom-5.5.1.pom
2021-07-06 16:24:03,352 [Worker-33] INFO  o.e.m.c.i.e.AbstractTransferListenerAdapter - Downloading https://repo.maven.apache.org/maven2/org/springframework/session/spring-session-bom/2021.0.1/spring-session-bom-2021.0.1.pom
2021-07-06 16:24:03,652 [Worker-33] INFO  o.e.m.c.i.e.AbstractTransferListenerAdapter - Downloaded https://repo.maven.apache.org/maven2/org/springframework/session/spring-session-bom/2021.0.1/spring-session-bom-2021.0.1.pom
2021-07-06 16:24:05,270 [Worker-33] INFO  o.e.m.c.i.e.AbstractTransferListenerAdapter - Downloading https://repo.maven.apache.org/maven2/org/springframework/boot/spring-boot-maven-plugin/2.5.2/spring-boot-maven-plugin-2.5.2.pom
2021-07-06 16:24:05,602 [Worker-33] INFO  o.e.m.c.i.e.AbstractTransferListenerAdapter - Downloaded https://repo.maven.apache.org/maven2/org/springframework/boot/spring-boot-maven-plugin/2.5.2/spring-boot-maven-plugin-2.5.2.pom
2021-07-06 16:24:06,221 [Worker-33] INFO  o.e.m.c.i.e.AbstractTransferListenerAdapter - Downloading https://repo.maven.apache.org/maven2/org/springframework/boot/spring-boot-maven-plugin/2.5.2/spring-boot-maven-plugin-2.5.2.jar
2021-07-06 16:24:06,949 [Worker-33] INFO  o.e.m.c.i.e.AbstractTransferListenerAdapter - Downloaded https://repo.maven.apache.org/maven2/org/springframework/boot/spring-boot-maven-plugin/2.5.2/spring-boot-maven-plugin-2.5.2.jar
2021-07-06 16:24:07,657 [Worker-33] INFO  o.e.m.c.i.e.AbstractTransferListenerAdapter - Downloading https://repo.maven.apache.org/maven2/org/apache/maven/plugins/maven-resources-plugin/3.2.0/maven-resources-plugin-3.2.0.jar
2021-07-06 16:24:07,990 [Worker-33] INFO  o.e.m.c.i.e.AbstractTransferListenerAdapter - Downloaded https://repo.maven.apache.org/maven2/org/apache/maven/plugins/maven-resources-plugin/3.2.0/maven-resources-plugin-3.2.0.jar
2021-07-06 16:24:08,664 [Worker-33] INFO  o.e.m.c.i.l.LifecycleMappingFactory - Using org.eclipse.m2e.jdt.JarLifecycleMapping lifecycle mapping for MavenProject: com.roshiniswetha.springbootcrud:springbootcrudapi:0.0.1-SNAPSHOT @ C:\Users\rosw\springboot\springbootcrudapi\pom.xml.
2021-07-06 16:24:08,977 [Worker-33] INFO  o.e.m.c.i.e.AbstractTransferListenerAdapter - Downloading https://repo.maven.apache.org/maven2/org/springframework/boot/spring-boot-starter-data-jpa/2.5.2/spring-boot-starter-data-jpa-2.5.2.pom
2021-07-06 16:24:09,284 [Worker-33] INFO  o.e.m.c.i.e.AbstractTransferListenerAdapter - Downloaded https://repo.maven.apache.org/maven2/org/springframework/boot/spring-boot-starter-data-jpa/2.5.2/spring-boot-starter-data-jpa-2.5.2.pom
2021-07-06 16:24:09,597 [Worker-33] INFO  o.e.m.c.i.e.AbstractTransferListenerAdapter - Downloading https://repo.maven.apache.org/maven2/org/springframework/boot/spring-boot-starter-aop/2.5.2/spring-boot-starter-aop-2.5.2.pom
2021-07-06 16:24:09,898 [Worker-33] INFO  o.e.m.c.i.e.AbstractTransferListenerAdapter - Downloaded https://repo.maven.apache.org/maven2/org/springframework/boot/spring-boot-starter-aop/2.5.2/spring-boot-starter-aop-2.5.2.pom
2021-07-06 16:24:10,354 [Worker-33] INFO  o.e.m.c.i.e.AbstractTransferListenerAdapter - Downloading https://repo.maven.apache.org/maven2/org/springframework/boot/spring-boot-starter/2.5.2/spring-boot-starter-2.5.2.pom
2021-07-06 16:24:10,644 [Worker-33] INFO  o.e.m.c.i.e.AbstractTransferListenerAdapter - Downloaded https://repo.maven.apache.org/maven2/org/springframework/boot/spring-boot-starter/2.5.2/spring-boot-starter-2.5.2.pom
2021-07-06 16:24:11,009 [Worker-33] INFO  o.e.m.c.i.e.AbstractTransferListenerAdapter - Downloading https://repo.maven.apache.org/maven2/org/springframework/boot/spring-boot/2.5.2/spring-boot-2.5.2.pom
2021-07-06 16:24:11,307 [Worker-33] INFO  o.e.m.c.i.e.AbstractTransferListenerAdapter - Downloaded https://repo.maven.apache.org/maven2/org/springframework/boot/spring-boot/2.5.2/spring-boot-2.5.2.pom
2021-07-06 16:24:11,614 [Worker-33] INFO  o.e.m.c.i.e.AbstractTransferListenerAdapter - Downloading https://repo.maven.apache.org/maven2/org/springframework/spring-core/5.3.8/spring-core-5.3.8.pom
2021-07-06 16:24:11,982 [Worker-33] INFO  o.e.m.c.i.e.AbstractTransferListenerAdapter - Downloaded https://repo.maven.apache.org/maven2/org/springframework/spring-core/5.3.8/spring-core-5.3.8.pom
2021-07-06 16:24:12,348 [Worker-33] INFO  o.e.m.c.i.e.AbstractTransferListenerAdapter - Downloading https://repo.maven.apache.org/maven2/org/springframework/spring-jcl/5.3.8/spring-jcl-5.3.8.pom
2021-07-06 16:24:12,667 [Worker-33] INFO  o.e.m.c.i.e.AbstractTransferListenerAdapter - Downloaded https://repo.maven.apache.org/maven2/org/springframework/spring-jcl/5.3.8/spring-jcl-5.3.8.pom
2021-07-06 16:24:12,956 [Worker-33] INFO  o.e.m.c.i.e.AbstractTransferListenerAdapter - Downloading https://repo.maven.apache.org/maven2/org/springframework/spring-context/5.3.8/spring-context-5.3.8.pom
2021-07-06 16:24:13,237 [Worker-33] INFO  o.e.m.c.i.e.AbstractTransferListenerAdapter - Downloaded https://repo.maven.apache.org/maven2/org/springframework/spring-context/5.3.8/spring-context-5.3.8.pom
2021-07-06 16:24:13,540 [Worker-33] INFO  o.e.m.c.i.e.AbstractTransferListenerAdapter - Downloading https://repo.maven.apache.org/maven2/org/springframework/spring-aop/5.3.8/spring-aop-5.3.8.pom
2021-07-06 16:24:13,827 [Worker-33] INFO  o.e.m.c.i.e.AbstractTransferListenerAdapter - Downloaded https://repo.maven.apache.org/maven2/org/springframework/spring-aop/5.3.8/spring-aop-5.3.8.pom
2021-07-06 16:24:14,135 [Worker-33] INFO  o.e.m.c.i.e.AbstractTransferListenerAdapter - Downloading https://repo.maven.apache.org/maven2/org/springframework/spring-beans/5.3.8/spring-beans-5.3.8.pom
2021-07-06 16:24:14,437 [Worker-33] INFO  o.e.m.c.i.e.AbstractTransferListenerAdapter - Downloaded https://repo.maven.apache.org/maven2/org/springframework/spring-beans/5.3.8/spring-beans-5.3.8.pom
2021-07-06 16:24:14,800 [Worker-33] INFO  o.e.m.c.i.e.AbstractTransferListenerAdapter - Downloading https://repo.maven.apache.org/maven2/org/springframework/spring-expression/5.3.8/spring-expression-5.3.8.pom
2021-07-06 16:24:15,107 [Worker-33] INFO  o.e.m.c.i.e.AbstractTransferListenerAdapter - Downloaded https://repo.maven.apache.org/maven2/org/springframework/spring-expression/5.3.8/spring-expression-5.3.8.pom
2021-07-06 16:24:15,419 [Worker-33] INFO  o.e.m.c.i.e.AbstractTransferListenerAdapter - Downloading https://repo.maven.apache.org/maven2/org/springframework/boot/spring-boot-autoconfigure/2.5.2/spring-boot-autoconfigure-2.5.2.pom
2021-07-06 16:24:15,722 [Worker-33] INFO  o.e.m.c.i.e.AbstractTransferListenerAdapter - Downloaded https://repo.maven.apache.org/maven2/org/springframework/boot/spring-boot-autoconfigure/2.5.2/spring-boot-autoconfigure-2.5.2.pom
2021-07-06 16:24:16,049 [Worker-33] INFO  o.e.m.c.i.e.AbstractTransferListenerAdapter - Downloading https://repo.maven.apache.org/maven2/org/springframework/boot/spring-boot-starter-logging/2.5.2/spring-boot-starter-logging-2.5.2.pom
2021-07-06 16:24:16,459 [Worker-33] INFO  o.e.m.c.i.e.AbstractTransferListenerAdapter - Downloaded https://repo.maven.apache.org/maven2/org/springframework/boot/spring-boot-starter-logging/2.5.2/spring-boot-starter-logging-2.5.2.pom
2021-07-06 16:24:16,785 [Worker-33] INFO  o.e.m.c.i.e.AbstractTransferListenerAdapter - Downloading https://repo.maven.apache.org/maven2/org/slf4j/slf4j-api/1.7.31/slf4j-api-1.7.31.pom
2021-07-06 16:24:17,128 [Worker-33] INFO  o.e.m.c.i.e.AbstractTransferListenerAdapter - Downloaded https://repo.maven.apache.org/maven2/org/slf4j/slf4j-api/1.7.31/slf4j-api-1.7.31.pom
2021-07-06 16:24:17,519 [Worker-33] INFO  o.e.m.c.i.e.AbstractTransferListenerAdapter - Downloading https://repo.maven.apache.org/maven2/org/slf4j/slf4j-parent/1.7.31/slf4j-parent-1.7.31.pom
2021-07-06 16:24:17,835 [Worker-33] INFO  o.e.m.c.i.e.AbstractTransferListenerAdapter - Downloaded https://repo.maven.apache.org/maven2/org/slf4j/slf4j-parent/1.7.31/slf4j-parent-1.7.31.pom
2021-07-06 16:24:18,185 [Worker-33] INFO  o.e.m.c.i.e.AbstractTransferListenerAdapter - Downloading https://repo.maven.apache.org/maven2/org/apache/logging/log4j/log4j-to-slf4j/2.14.1/log4j-to-slf4j-2.14.1.pom
2021-07-06 16:24:18,512 [Worker-33] INFO  o.e.m.c.i.e.AbstractTransferListenerAdapter - Downloaded https://repo.maven.apache.org/maven2/org/apache/logging/log4j/log4j-to-slf4j/2.14.1/log4j-to-slf4j-2.14.1.pom
2021-07-06 16:24:18,854 [Worker-33] INFO  o.e.m.c.i.e.AbstractTransferListenerAdapter - Downloading https://repo.maven.apache.org/maven2/org/apache/logging/log4j/log4j/2.14.1/log4j-2.14.1.pom
2021-07-06 16:24:19,192 [Worker-33] INFO  o.e.m.c.i.e.AbstractTransferListenerAdapter - Downloaded https://repo.maven.apache.org/maven2/org/apache/logging/log4j/log4j/2.14.1/log4j-2.14.1.pom
2021-07-06 16:24:19,518 [Worker-33] INFO  o.e.m.c.i.e.AbstractTransferListenerAdapter - Downloading https://repo.maven.apache.org/maven2/org/apache/logging/log4j/log4j-api/2.14.1/log4j-api-2.14.1.pom
2021-07-06 16:24:19,830 [Worker-33] INFO  o.e.m.c.i.e.AbstractTransferListenerAdapter - Downloaded https://repo.maven.apache.org/maven2/org/apache/logging/log4j/log4j-api/2.14.1/log4j-api-2.14.1.pom
2021-07-06 16:24:20,141 [Worker-33] INFO  o.e.m.c.i.e.AbstractTransferListenerAdapter - Downloading https://repo.maven.apache.org/maven2/org/slf4j/jul-to-slf4j/1.7.31/jul-to-slf4j-1.7.31.pom
2021-07-06 16:24:20,468 [Worker-33] INFO  o.e.m.c.i.e.AbstractTransferListenerAdapter - Downloaded https://repo.maven.apache.org/maven2/org/slf4j/jul-to-slf4j/1.7.31/jul-to-slf4j-1.7.31.pom
2021-07-06 16:24:20,877 [Worker-33] INFO  o.e.m.c.i.e.AbstractTransferListenerAdapter - Downloading https://repo.maven.apache.org/maven2/org/yaml/snakeyaml/1.28/snakeyaml-1.28.pom
2021-07-06 16:24:21,207 [Worker-33] INFO  o.e.m.c.i.e.AbstractTransferListenerAdapter - Downloaded https://repo.maven.apache.org/maven2/org/yaml/snakeyaml/1.28/snakeyaml-1.28.pom
2021-07-06 16:24:21,611 [Worker-33] INFO  o.e.m.c.i.e.AbstractTransferListenerAdapter - Downloading https://repo.maven.apache.org/maven2/org/aspectj/aspectjweaver/1.9.6/aspectjweaver-1.9.6.pom
2021-07-06 16:24:21,906 [Worker-33] INFO  o.e.m.c.i.e.AbstractTransferListenerAdapter - Downloaded https://repo.maven.apache.org/maven2/org/aspectj/aspectjweaver/1.9.6/aspectjweaver-1.9.6.pom
2021-07-06 16:24:22,267 [Worker-33] INFO  o.e.m.c.i.e.AbstractTransferListenerAdapter - Downloading https://repo.maven.apache.org/maven2/org/springframework/boot/spring-boot-starter-jdbc/2.5.2/spring-boot-starter-jdbc-2.5.2.pom
2021-07-06 16:24:22,662 [Worker-33] INFO  o.e.m.c.i.e.AbstractTransferListenerAdapter - Downloaded https://repo.maven.apache.org/maven2/org/springframework/boot/spring-boot-starter-jdbc/2.5.2/spring-boot-starter-jdbc-2.5.2.pom
2021-07-06 16:24:22,972 [Worker-33] INFO  o.e.m.c.i.e.AbstractTransferListenerAdapter - Downloading https://repo.maven.apache.org/maven2/com/zaxxer/HikariCP/4.0.3/HikariCP-4.0.3.pom
2021-07-06 16:24:23,279 [Worker-33] INFO  o.e.m.c.i.e.AbstractTransferListenerAdapter - Downloaded https://repo.maven.apache.org/maven2/com/zaxxer/HikariCP/4.0.3/HikariCP-4.0.3.pom
2021-07-06 16:24:23,646 [Worker-33] INFO  o.e.m.c.i.e.AbstractTransferListenerAdapter - Downloading https://repo.maven.apache.org/maven2/org/springframework/spring-jdbc/5.3.8/spring-jdbc-5.3.8.pom
2021-07-06 16:24:23,946 [Worker-33] INFO  o.e.m.c.i.e.AbstractTransferListenerAdapter - Downloaded https://repo.maven.apache.org/maven2/org/springframework/spring-jdbc/5.3.8/spring-jdbc-5.3.8.pom
2021-07-06 16:24:24,285 [Worker-33] INFO  o.e.m.c.i.e.AbstractTransferListenerAdapter - Downloading https://repo.maven.apache.org/maven2/org/springframework/spring-tx/5.3.8/spring-tx-5.3.8.pom
2021-07-06 16:24:24,589 [Worker-33] INFO  o.e.m.c.i.e.AbstractTransferListenerAdapter - Downloaded https://repo.maven.apache.org/maven2/org/springframework/spring-tx/5.3.8/spring-tx-5.3.8.pom
2021-07-06 16:24:24,912 [Worker-33] INFO  o.e.m.c.i.e.AbstractTransferListenerAdapter - Downloading https://repo.maven.apache.org/maven2/org/hibernate/hibernate-core/5.4.32.Final/hibernate-core-5.4.32.Final.pom
2021-07-06 16:24:25,209 [Worker-33] INFO  o.e.m.c.i.e.AbstractTransferListenerAdapter - Downloaded https://repo.maven.apache.org/maven2/org/hibernate/hibernate-core/5.4.32.Final/hibernate-core-5.4.32.Final.pom
2021-07-06 16:24:25,530 [Worker-33] INFO  o.e.m.c.i.e.AbstractTransferListenerAdapter - Downloading https://repo.maven.apache.org/maven2/org/jboss/logging/jboss-logging/3.4.2.Final/jboss-logging-3.4.2.Final.pom
2021-07-06 16:24:25,844 [Worker-33] INFO  o.e.m.c.i.e.AbstractTransferListenerAdapter - Downloaded https://repo.maven.apache.org/maven2/org/jboss/logging/jboss-logging/3.4.2.Final/jboss-logging-3.4.2.Final.pom
2021-07-06 16:24:26,172 [Worker-33] INFO  o.e.m.c.i.e.AbstractTransferListenerAdapter - Downloading https://repo.maven.apache.org/maven2/org/jboss/jboss-parent/37/jboss-parent-37.pom
2021-07-06 16:24:26,642 [Worker-33] INFO  o.e.m.c.i.e.AbstractTransferListenerAdapter - Downloaded https://repo.maven.apache.org/maven2/org/jboss/jboss-parent/37/jboss-parent-37.pom
2021-07-06 16:24:26,981 [Worker-33] INFO  o.e.m.c.i.e.AbstractTransferListenerAdapter - Downloading https://repo.maven.apache.org/maven2/org/junit/junit-bom/5.7.0/junit-bom-5.7.0.pom
2021-07-06 16:24:27,647 [Worker-33] INFO  o.e.m.c.i.e.AbstractTransferListenerAdapter - Downloaded https://repo.maven.apache.org/maven2/org/junit/junit-bom/5.7.0/junit-bom-5.7.0.pom
2021-07-06 16:24:27,984 [Worker-33] INFO  o.e.m.c.i.e.AbstractTransferListenerAdapter - Downloading https://repo.maven.apache.org/maven2/org/javassist/javassist/3.27.0-GA/javassist-3.27.0-GA.pom
2021-07-06 16:24:28,360 [Worker-33] INFO  o.e.m.c.i.e.AbstractTransferListenerAdapter - Downloaded https://repo.maven.apache.org/maven2/org/javassist/javassist/3.27.0-GA/javassist-3.27.0-GA.pom
2021-07-06 16:24:28,691 [Worker-33] INFO  o.e.m.c.i.e.AbstractTransferListenerAdapter - Downloading https://repo.maven.apache.org/maven2/net/bytebuddy/byte-buddy/1.10.22/byte-buddy-1.10.22.pom
2021-07-06 16:24:29,073 [Worker-33] INFO  o.e.m.c.i.e.AbstractTransferListenerAdapter - Downloaded https://repo.maven.apache.org/maven2/net/bytebuddy/byte-buddy/1.10.22/byte-buddy-1.10.22.pom
2021-07-06 16:24:29,416 [Worker-33] INFO  o.e.m.c.i.e.AbstractTransferListenerAdapter - Downloading https://repo.maven.apache.org/maven2/net/bytebuddy/byte-buddy-parent/1.10.22/byte-buddy-parent-1.10.22.pom
2021-07-06 16:24:29,786 [Worker-33] INFO  o.e.m.c.i.e.AbstractTransferListenerAdapter - Downloaded https://repo.maven.apache.org/maven2/net/bytebuddy/byte-buddy-parent/1.10.22/byte-buddy-parent-1.10.22.pom
2021-07-06 16:24:30,099 [Worker-33] INFO  o.e.m.c.i.e.AbstractTransferListenerAdapter - Downloading https://repo.maven.apache.org/maven2/org/jboss/jandex/2.2.3.Final/jandex-2.2.3.Final.pom
2021-07-06 16:24:30,395 [Worker-33] INFO  o.e.m.c.i.e.AbstractTransferListenerAdapter - Downloaded https://repo.maven.apache.org/maven2/org/jboss/jandex/2.2.3.Final/jandex-2.2.3.Final.pom
2021-07-06 16:24:30,822 [Worker-33] INFO  o.e.m.c.i.e.AbstractTransferListenerAdapter - Downloading https://repo.maven.apache.org/maven2/org/hibernate/common/hibernate-commons-annotations/5.1.2.Final/hibernate-commons-annotations-5.1.2.Final.pom
2021-07-06 16:24:31,120 [Worker-33] INFO  o.e.m.c.i.e.AbstractTransferListenerAdapter - Downloaded https://repo.maven.apache.org/maven2/org/hibernate/common/hibernate-commons-annotations/5.1.2.Final/hibernate-commons-annotations-5.1.2.Final.pom
2021-07-06 16:24:31,478 [Worker-33] INFO  o.e.m.c.i.e.AbstractTransferListenerAdapter - Downloading https://repo.maven.apache.org/maven2/org/glassfish/jaxb/jaxb-runtime/2.3.4/jaxb-runtime-2.3.4.pom
2021-07-06 16:24:31,883 [Worker-33] INFO  o.e.m.c.i.e.AbstractTransferListenerAdapter - Downloaded https://repo.maven.apache.org/maven2/org/glassfish/jaxb/jaxb-runtime/2.3.4/jaxb-runtime-2.3.4.pom
2021-07-06 16:24:32,207 [Worker-33] INFO  o.e.m.c.i.e.AbstractTransferListenerAdapter - Downloading https://repo.maven.apache.org/maven2/com/sun/xml/bind/mvn/jaxb-runtime-parent/2.3.4/jaxb-runtime-parent-2.3.4.pom
2021-07-06 16:24:32,585 [Worker-33] INFO  o.e.m.c.i.e.AbstractTransferListenerAdapter - Downloaded https://repo.maven.apache.org/maven2/com/sun/xml/bind/mvn/jaxb-runtime-parent/2.3.4/jaxb-runtime-parent-2.3.4.pom
2021-07-06 16:24:32,931 [Worker-33] INFO  o.e.m.c.i.e.AbstractTransferListenerAdapter - Downloading https://repo.maven.apache.org/maven2/com/sun/xml/bind/mvn/jaxb-parent/2.3.4/jaxb-parent-2.3.4.pom
2021-07-06 16:24:33,273 [Worker-33] INFO  o.e.m.c.i.e.AbstractTransferListenerAdapter - Downloaded https://repo.maven.apache.org/maven2/com/sun/xml/bind/mvn/jaxb-parent/2.3.4/jaxb-parent-2.3.4.pom
2021-07-06 16:24:33,713 [Worker-33] INFO  o.e.m.c.i.e.AbstractTransferListenerAdapter - Downloading https://repo.maven.apache.org/maven2/com/sun/xml/bind/jaxb-bom-ext/2.3.4/jaxb-bom-ext-2.3.4.pom
2021-07-06 16:24:34,024 [Worker-33] INFO  o.e.m.c.i.e.AbstractTransferListenerAdapter - Downloaded https://repo.maven.apache.org/maven2/com/sun/xml/bind/jaxb-bom-ext/2.3.4/jaxb-bom-ext-2.3.4.pom
2021-07-06 16:24:34,349 [Worker-33] INFO  o.e.m.c.i.e.AbstractTransferListenerAdapter - Downloading https://repo.maven.apache.org/maven2/org/glassfish/jaxb/jaxb-bom/2.3.4/jaxb-bom-2.3.4.pom
2021-07-06 16:24:34,680 [Worker-33] INFO  o.e.m.c.i.e.AbstractTransferListenerAdapter - Downloaded https://repo.maven.apache.org/maven2/org/glassfish/jaxb/jaxb-bom/2.3.4/jaxb-bom-2.3.4.pom
2021-07-06 16:24:35,060 [Worker-33] INFO  o.e.m.c.i.e.AbstractTransferListenerAdapter - Downloading https://repo.maven.apache.org/maven2/org/eclipse/ee4j/project/1.0.7/project-1.0.7.pom
2021-07-06 16:24:35,471 [Worker-33] INFO  o.e.m.c.i.e.AbstractTransferListenerAdapter - Downloaded https://repo.maven.apache.org/maven2/org/eclipse/ee4j/project/1.0.7/project-1.0.7.pom
2021-07-06 16:24:35,800 [Worker-33] INFO  o.e.m.c.i.e.AbstractTransferListenerAdapter - Downloading https://repo.maven.apache.org/maven2/org/glassfish/jaxb/txw2/2.3.4/txw2-2.3.4.pom
2021-07-06 16:24:36,108 [Worker-33] INFO  o.e.m.c.i.e.AbstractTransferListenerAdapter - Downloaded https://repo.maven.apache.org/maven2/org/glassfish/jaxb/txw2/2.3.4/txw2-2.3.4.pom
2021-07-06 16:24:36,416 [Worker-33] INFO  o.e.m.c.i.e.AbstractTransferListenerAdapter - Downloading https://repo.maven.apache.org/maven2/com/sun/xml/bind/mvn/jaxb-txw-parent/2.3.4/jaxb-txw-parent-2.3.4.pom
2021-07-06 16:24:36,712 [Worker-33] INFO  o.e.m.c.i.e.AbstractTransferListenerAdapter - Downloaded https://repo.maven.apache.org/maven2/com/sun/xml/bind/mvn/jaxb-txw-parent/2.3.4/jaxb-txw-parent-2.3.4.pom
2021-07-06 16:24:37,071 [Worker-33] INFO  o.e.m.c.i.e.AbstractTransferListenerAdapter - Downloading https://repo.maven.apache.org/maven2/com/sun/istack/istack-commons-runtime/3.0.12/istack-commons-runtime-3.0.12.pom
2021-07-06 16:24:37,394 [Worker-33] INFO  o.e.m.c.i.e.AbstractTransferListenerAdapter - Downloaded https://repo.maven.apache.org/maven2/com/sun/istack/istack-commons-runtime/3.0.12/istack-commons-runtime-3.0.12.pom
2021-07-06 16:24:37,719 [Worker-33] INFO  o.e.m.c.i.e.AbstractTransferListenerAdapter - Downloading https://repo.maven.apache.org/maven2/com/sun/istack/istack-commons/3.0.12/istack-commons-3.0.12.pom
2021-07-06 16:24:38,053 [Worker-33] INFO  o.e.m.c.i.e.AbstractTransferListenerAdapter - Downloaded https://repo.maven.apache.org/maven2/com/sun/istack/istack-commons/3.0.12/istack-commons-3.0.12.pom
2021-07-06 16:24:38,411 [Worker-33] INFO  o.e.m.c.i.e.AbstractTransferListenerAdapter - Downloading https://repo.maven.apache.org/maven2/org/springframework/data/spring-data-jpa/2.5.2/spring-data-jpa-2.5.2.pom
2021-07-06 16:24:38,708 [Worker-33] INFO  o.e.m.c.i.e.AbstractTransferListenerAdapter - Downloaded https://repo.maven.apache.org/maven2/org/springframework/data/spring-data-jpa/2.5.2/spring-data-jpa-2.5.2.pom
2021-07-06 16:24:39,009 [Worker-33] INFO  o.e.m.c.i.e.AbstractTransferListenerAdapter - Downloading https://repo.maven.apache.org/maven2/org/springframework/data/build/spring-data-parent/2.5.2/spring-data-parent-2.5.2.pom
2021-07-06 16:24:39,320 [Worker-33] INFO  o.e.m.c.i.e.AbstractTransferListenerAdapter - Downloaded https://repo.maven.apache.org/maven2/org/springframework/data/build/spring-data-parent/2.5.2/spring-data-parent-2.5.2.pom
2021-07-06 16:24:39,672 [Worker-33] INFO  o.e.m.c.i.e.AbstractTransferListenerAdapter - Downloading https://repo.maven.apache.org/maven2/org/springframework/data/build/spring-data-build/2.5.2/spring-data-build-2.5.2.pom
2021-07-06 16:24:39,963 [Worker-33] INFO  o.e.m.c.i.e.AbstractTransferListenerAdapter - Downloaded https://repo.maven.apache.org/maven2/org/springframework/data/build/spring-data-build/2.5.2/spring-data-build-2.5.2.pom
2021-07-06 16:24:40,508 [Worker-33] INFO  o.e.m.c.i.e.AbstractTransferListenerAdapter - Downloading https://repo.maven.apache.org/maven2/org/jetbrains/kotlin/kotlin-bom/1.5.10/kotlin-bom-1.5.10.pom
2021-07-06 16:24:40,825 [Worker-33] INFO  o.e.m.c.i.e.AbstractTransferListenerAdapter - Downloaded https://repo.maven.apache.org/maven2/org/jetbrains/kotlin/kotlin-bom/1.5.10/kotlin-bom-1.5.10.pom
2021-07-06 16:24:41,140 [Worker-33] INFO  o.e.m.c.i.e.AbstractTransferListenerAdapter - Downloading https://repo.maven.apache.org/maven2/org/jetbrains/kotlinx/kotlinx-coroutines-bom/1.4.3/kotlinx-coroutines-bom-1.4.3.pom
2021-07-06 16:24:41,447 [Worker-33] INFO  o.e.m.c.i.e.AbstractTransferListenerAdapter - Downloaded https://repo.maven.apache.org/maven2/org/jetbrains/kotlinx/kotlinx-coroutines-bom/1.4.3/kotlinx-coroutines-bom-1.4.3.pom
2021-07-06 16:24:41,771 [Worker-33] INFO  o.e.m.c.i.e.AbstractTransferListenerAdapter - Downloading https://repo.maven.apache.org/maven2/org/springframework/data/spring-data-commons/2.5.2/spring-data-commons-2.5.2.pom
2021-07-06 16:24:42,067 [Worker-33] INFO  o.e.m.c.i.e.AbstractTransferListenerAdapter - Downloaded https://repo.maven.apache.org/maven2/org/springframework/data/spring-data-commons/2.5.2/spring-data-commons-2.5.2.pom
2021-07-06 16:24:42,378 [Worker-33] INFO  o.e.m.c.i.e.AbstractTransferListenerAdapter - Downloading https://repo.maven.apache.org/maven2/org/springframework/spring-orm/5.3.8/spring-orm-5.3.8.pom
2021-07-06 16:24:42,868 [Worker-33] INFO  o.e.m.c.i.e.AbstractTransferListenerAdapter - Downloaded https://repo.maven.apache.org/maven2/org/springframework/spring-orm/5.3.8/spring-orm-5.3.8.pom
2021-07-06 16:24:43,521 [Worker-33] INFO  o.e.m.c.i.e.AbstractTransferListenerAdapter - Downloading https://repo.maven.apache.org/maven2/org/springframework/spring-aspects/5.3.8/spring-aspects-5.3.8.pom
2021-07-06 16:24:43,882 [Worker-33] INFO  o.e.m.c.i.e.AbstractTransferListenerAdapter - Downloaded https://repo.maven.apache.org/maven2/org/springframework/spring-aspects/5.3.8/spring-aspects-5.3.8.pom
2021-07-06 16:24:44,224 [Worker-33] INFO  o.e.m.c.i.e.AbstractTransferListenerAdapter - Downloading https://repo.maven.apache.org/maven2/org/springframework/boot/spring-boot-starter-web/2.5.2/spring-boot-starter-web-2.5.2.pom
2021-07-06 16:24:44,594 [Worker-33] INFO  o.e.m.c.i.e.AbstractTransferListenerAdapter - Downloaded https://repo.maven.apache.org/maven2/org/springframework/boot/spring-boot-starter-web/2.5.2/spring-boot-starter-web-2.5.2.pom
2021-07-06 16:24:44,901 [Worker-33] INFO  o.e.m.c.i.e.AbstractTransferListenerAdapter - Downloading https://repo.maven.apache.org/maven2/org/springframework/boot/spring-boot-starter-json/2.5.2/spring-boot-starter-json-2.5.2.pom
2021-07-06 16:24:45,194 [Worker-33] INFO  o.e.m.c.i.e.AbstractTransferListenerAdapter - Downloaded https://repo.maven.apache.org/maven2/org/springframework/boot/spring-boot-starter-json/2.5.2/spring-boot-starter-json-2.5.2.pom
2021-07-06 16:24:45,525 [Worker-33] INFO  o.e.m.c.i.e.AbstractTransferListenerAdapter - Downloading https://repo.maven.apache.org/maven2/org/springframework/spring-web/5.3.8/spring-web-5.3.8.pom
2021-07-06 16:24:45,840 [Worker-33] INFO  o.e.m.c.i.e.AbstractTransferListenerAdapter - Downloaded https://repo.maven.apache.org/maven2/org/springframework/spring-web/5.3.8/spring-web-5.3.8.pom
2021-07-06 16:24:46,331 [Worker-33] INFO  o.e.m.c.i.e.AbstractTransferListenerAdapter - Downloading https://repo.maven.apache.org/maven2/com/fasterxml/jackson/core/jackson-databind/2.12.3/jackson-databind-2.12.3.pom
2021-07-06 16:24:47,378 [Worker-33] INFO  o.e.m.c.i.e.AbstractTransferListenerAdapter - Downloaded https://repo.maven.apache.org/maven2/com/fasterxml/jackson/core/jackson-databind/2.12.3/jackson-databind-2.12.3.pom
2021-07-06 16:24:47,703 [Worker-33] INFO  o.e.m.c.i.e.AbstractTransferListenerAdapter - Downloading https://repo.maven.apache.org/maven2/com/fasterxml/jackson/jackson-base/2.12.3/jackson-base-2.12.3.pom
2021-07-06 16:24:48,017 [Worker-33] INFO  o.e.m.c.i.e.AbstractTransferListenerAdapter - Downloaded https://repo.maven.apache.org/maven2/com/fasterxml/jackson/jackson-base/2.12.3/jackson-base-2.12.3.pom
2021-07-06 16:24:48,331 [Worker-33] INFO  o.e.m.c.i.e.AbstractTransferListenerAdapter - Downloading https://repo.maven.apache.org/maven2/com/fasterxml/jackson/core/jackson-annotations/2.12.3/jackson-annotations-2.12.3.pom
2021-07-06 16:24:48,672 [Worker-33] INFO  o.e.m.c.i.e.AbstractTransferListenerAdapter - Downloaded https://repo.maven.apache.org/maven2/com/fasterxml/jackson/core/jackson-annotations/2.12.3/jackson-annotations-2.12.3.pom
2021-07-06 16:24:49,020 [Worker-33] INFO  o.e.m.c.i.e.AbstractTransferListenerAdapter - Downloading https://repo.maven.apache.org/maven2/com/fasterxml/jackson/core/jackson-core/2.12.3/jackson-core-2.12.3.pom
2021-07-06 16:24:49,401 [Worker-33] INFO  o.e.m.c.i.e.AbstractTransferListenerAdapter - Downloaded https://repo.maven.apache.org/maven2/com/fasterxml/jackson/core/jackson-core/2.12.3/jackson-core-2.12.3.pom
2021-07-06 16:24:49,727 [Worker-33] INFO  o.e.m.c.i.e.AbstractTransferListenerAdapter - Downloading https://repo.maven.apache.org/maven2/com/fasterxml/jackson/datatype/jackson-datatype-jdk8/2.12.3/jackson-datatype-jdk8-2.12.3.pom
2021-07-06 16:24:50,033 [Worker-33] INFO  o.e.m.c.i.e.AbstractTransferListenerAdapter - Downloaded https://repo.maven.apache.org/maven2/com/fasterxml/jackson/datatype/jackson-datatype-jdk8/2.12.3/jackson-datatype-jdk8-2.12.3.pom
2021-07-06 16:24:50,368 [Worker-33] INFO  o.e.m.c.i.e.AbstractTransferListenerAdapter - Downloading https://repo.maven.apache.org/maven2/com/fasterxml/jackson/module/jackson-modules-java8/2.12.3/jackson-modules-java8-2.12.3.pom
2021-07-06 16:24:50,667 [Worker-33] INFO  o.e.m.c.i.e.AbstractTransferListenerAdapter - Downloaded https://repo.maven.apache.org/maven2/com/fasterxml/jackson/module/jackson-modules-java8/2.12.3/jackson-modules-java8-2.12.3.pom
2021-07-06 16:24:50,984 [Worker-33] INFO  o.e.m.c.i.e.AbstractTransferListenerAdapter - Downloading https://repo.maven.apache.org/maven2/com/fasterxml/jackson/datatype/jackson-datatype-jsr310/2.12.3/jackson-datatype-jsr310-2.12.3.pom
2021-07-06 16:24:51,268 [Worker-33] INFO  o.e.m.c.i.e.AbstractTransferListenerAdapter - Downloaded https://repo.maven.apache.org/maven2/com/fasterxml/jackson/datatype/jackson-datatype-jsr310/2.12.3/jackson-datatype-jsr310-2.12.3.pom
2021-07-06 16:24:51,566 [Worker-33] INFO  o.e.m.c.i.e.AbstractTransferListenerAdapter - Downloading https://repo.maven.apache.org/maven2/com/fasterxml/jackson/module/jackson-module-parameter-names/2.12.3/jackson-module-parameter-names-2.12.3.pom
2021-07-06 16:24:51,878 [Worker-33] INFO  o.e.m.c.i.e.AbstractTransferListenerAdapter - Downloaded https://repo.maven.apache.org/maven2/com/fasterxml/jackson/module/jackson-module-parameter-names/2.12.3/jackson-module-parameter-names-2.12.3.pom
2021-07-06 16:24:52,260 [Worker-33] INFO  o.e.m.c.i.e.AbstractTransferListenerAdapter - Downloading https://repo.maven.apache.org/maven2/org/springframework/boot/spring-boot-starter-tomcat/2.5.2/spring-boot-starter-tomcat-2.5.2.pom
2021-07-06 16:24:52,572 [Worker-33] INFO  o.e.m.c.i.e.AbstractTransferListenerAdapter - Downloaded https://repo.maven.apache.org/maven2/org/springframework/boot/spring-boot-starter-tomcat/2.5.2/spring-boot-starter-tomcat-2.5.2.pom
2021-07-06 16:24:53,296 [Worker-33] INFO  o.e.m.c.i.e.AbstractTransferListenerAdapter - Downloading https://repo.maven.apache.org/maven2/org/apache/tomcat/embed/tomcat-embed-core/9.0.48/tomcat-embed-core-9.0.48.pom
2021-07-06 16:24:53,658 [Worker-33] INFO  o.e.m.c.i.e.AbstractTransferListenerAdapter - Downloaded https://repo.maven.apache.org/maven2/org/apache/tomcat/embed/tomcat-embed-core/9.0.48/tomcat-embed-core-9.0.48.pom
2021-07-06 16:24:54,024 [Worker-33] INFO  o.e.m.c.i.e.AbstractTransferListenerAdapter - Downloading https://repo.maven.apache.org/maven2/org/apache/tomcat/embed/tomcat-embed-el/9.0.48/tomcat-embed-el-9.0.48.pom
2021-07-06 16:24:54,543 [Worker-33] INFO  o.e.m.c.i.e.AbstractTransferListenerAdapter - Downloaded https://repo.maven.apache.org/maven2/org/apache/tomcat/embed/tomcat-embed-el/9.0.48/tomcat-embed-el-9.0.48.pom
2021-07-06 16:24:54,836 [Worker-33] INFO  o.e.m.c.i.e.AbstractTransferListenerAdapter - Downloading https://repo.maven.apache.org/maven2/org/apache/tomcat/embed/tomcat-embed-websocket/9.0.48/tomcat-embed-websocket-9.0.48.pom
2021-07-06 16:24:55,157 [Worker-33] INFO  o.e.m.c.i.e.AbstractTransferListenerAdapter - Downloaded https://repo.maven.apache.org/maven2/org/apache/tomcat/embed/tomcat-embed-websocket/9.0.48/tomcat-embed-websocket-9.0.48.pom
2021-07-06 16:24:55,567 [Worker-33] INFO  o.e.m.c.i.e.AbstractTransferListenerAdapter - Downloading https://repo.maven.apache.org/maven2/org/springframework/spring-webmvc/5.3.8/spring-webmvc-5.3.8.pom
2021-07-06 16:24:55,979 [Worker-33] INFO  o.e.m.c.i.e.AbstractTransferListenerAdapter - Downloaded https://repo.maven.apache.org/maven2/org/springframework/spring-webmvc/5.3.8/spring-webmvc-5.3.8.pom
2021-07-06 16:24:56,270 [Worker-33] INFO  o.e.m.c.i.e.AbstractTransferListenerAdapter - Downloading https://repo.maven.apache.org/maven2/org/springframework/boot/spring-boot-devtools/2.5.2/spring-boot-devtools-2.5.2.pom
2021-07-06 16:24:56,579 [Worker-33] INFO  o.e.m.c.i.e.AbstractTransferListenerAdapter - Downloaded https://repo.maven.apache.org/maven2/org/springframework/boot/spring-boot-devtools/2.5.2/spring-boot-devtools-2.5.2.pom
2021-07-06 16:24:56,891 [Worker-33] INFO  o.e.m.c.i.e.AbstractTransferListenerAdapter - Downloading https://repo.maven.apache.org/maven2/mysql/mysql-connector-java/8.0.25/mysql-connector-java-8.0.25.pom
2021-07-06 16:24:57,192 [Worker-33] INFO  o.e.m.c.i.e.AbstractTransferListenerAdapter - Downloaded https://repo.maven.apache.org/maven2/mysql/mysql-connector-java/8.0.25/mysql-connector-java-8.0.25.pom
2021-07-06 16:24:57,505 [Worker-33] INFO  o.e.m.c.i.e.AbstractTransferListenerAdapter - Downloading https://repo.maven.apache.org/maven2/org/springframework/boot/spring-boot-starter-test/2.5.2/spring-boot-starter-test-2.5.2.pom
2021-07-06 16:24:57,871 [Worker-33] INFO  o.e.m.c.i.e.AbstractTransferListenerAdapter - Downloaded https://repo.maven.apache.org/maven2/org/springframework/boot/spring-boot-starter-test/2.5.2/spring-boot-starter-test-2.5.2.pom
2021-07-06 16:24:58,183 [Worker-33] INFO  o.e.m.c.i.e.AbstractTransferListenerAdapter - Downloading https://repo.maven.apache.org/maven2/org/springframework/boot/spring-boot-test/2.5.2/spring-boot-test-2.5.2.pom
2021-07-06 16:24:58,539 [Worker-33] INFO  o.e.m.c.i.e.AbstractTransferListenerAdapter - Downloaded https://repo.maven.apache.org/maven2/org/springframework/boot/spring-boot-test/2.5.2/spring-boot-test-2.5.2.pom
2021-07-06 16:24:58,850 [Worker-33] INFO  o.e.m.c.i.e.AbstractTransferListenerAdapter - Downloading https://repo.maven.apache.org/maven2/org/springframework/boot/spring-boot-test-autoconfigure/2.5.2/spring-boot-test-autoconfigure-2.5.2.pom
2021-07-06 16:24:59,152 [Worker-33] INFO  o.e.m.c.i.e.AbstractTransferListenerAdapter - Downloaded https://repo.maven.apache.org/maven2/org/springframework/boot/spring-boot-test-autoconfigure/2.5.2/spring-boot-test-autoconfigure-2.5.2.pom
2021-07-06 16:24:59,456 [Worker-33] INFO  o.e.m.c.i.e.AbstractTransferListenerAdapter - Downloading https://repo.maven.apache.org/maven2/com/jayway/jsonpath/json-path/2.5.0/json-path-2.5.0.pom
2021-07-06 16:24:59,764 [Worker-33] INFO  o.e.m.c.i.e.AbstractTransferListenerAdapter - Downloaded https://repo.maven.apache.org/maven2/com/jayway/jsonpath/json-path/2.5.0/json-path-2.5.0.pom
2021-07-06 16:25:00,128 [Worker-33] INFO  o.e.m.c.i.e.AbstractTransferListenerAdapter - Downloading https://repo.maven.apache.org/maven2/net/minidev/json-smart/2.4.7/json-smart-2.4.7.pom
2021-07-06 16:25:00,482 [Worker-33] INFO  o.e.m.c.i.e.AbstractTransferListenerAdapter - Downloaded https://repo.maven.apache.org/maven2/net/minidev/json-smart/2.4.7/json-smart-2.4.7.pom
2021-07-06 16:25:00,936 [Worker-33] INFO  o.e.m.c.i.e.AbstractTransferListenerAdapter - Downloading https://repo.maven.apache.org/maven2/net/minidev/accessors-smart/2.4.7/accessors-smart-2.4.7.pom
2021-07-06 16:25:01,245 [Worker-33] INFO  o.e.m.c.i.e.AbstractTransferListenerAdapter - Downloaded https://repo.maven.apache.org/maven2/net/minidev/accessors-smart/2.4.7/accessors-smart-2.4.7.pom
2021-07-06 16:25:01,606 [Worker-33] INFO  o.e.m.c.i.e.AbstractTransferListenerAdapter - Downloading https://repo.maven.apache.org/maven2/org/ow2/asm/asm/9.1/asm-9.1.pom
2021-07-06 16:25:01,999 [Worker-33] INFO  o.e.m.c.i.e.AbstractTransferListenerAdapter - Downloaded https://repo.maven.apache.org/maven2/org/ow2/asm/asm/9.1/asm-9.1.pom
2021-07-06 16:25:02,626 [Worker-33] INFO  o.e.m.c.i.e.AbstractTransferListenerAdapter - Downloading https://repo.maven.apache.org/maven2/org/assertj/assertj-core/3.19.0/assertj-core-3.19.0.pom
2021-07-06 16:25:02,941 [Worker-33] INFO  o.e.m.c.i.e.AbstractTransferListenerAdapter - Downloaded https://repo.maven.apache.org/maven2/org/assertj/assertj-core/3.19.0/assertj-core-3.19.0.pom
2021-07-06 16:25:03,298 [Worker-33] INFO  o.e.m.c.i.e.AbstractTransferListenerAdapter - Downloading https://repo.maven.apache.org/maven2/org/assertj/assertj-parent-pom/2.2.10/assertj-parent-pom-2.2.10.pom
2021-07-06 16:25:03,630 [Worker-33] INFO  o.e.m.c.i.e.AbstractTransferListenerAdapter - Downloaded https://repo.maven.apache.org/maven2/org/assertj/assertj-parent-pom/2.2.10/assertj-parent-pom-2.2.10.pom
2021-07-06 16:25:03,958 [Worker-33] INFO  o.e.m.c.i.e.AbstractTransferListenerAdapter - Downloading https://repo.maven.apache.org/maven2/org/junit/junit-bom/5.6.3/junit-bom-5.6.3.pom
2021-07-06 16:25:04,272 [Worker-33] INFO  o.e.m.c.i.e.AbstractTransferListenerAdapter - Downloaded https://repo.maven.apache.org/maven2/org/junit/junit-bom/5.6.3/junit-bom-5.6.3.pom
2021-07-06 16:25:04,590 [Worker-33] INFO  o.e.m.c.i.e.AbstractTransferListenerAdapter - Downloading https://repo.maven.apache.org/maven2/org/junit/jupiter/junit-jupiter/5.7.2/junit-jupiter-5.7.2.pom
2021-07-06 16:25:04,874 [Worker-33] INFO  o.e.m.c.i.e.AbstractTransferListenerAdapter - Downloaded https://repo.maven.apache.org/maven2/org/junit/jupiter/junit-jupiter/5.7.2/junit-jupiter-5.7.2.pom
2021-07-06 16:25:05,208 [Worker-33] INFO  o.e.m.c.i.e.AbstractTransferListenerAdapter - Downloading https://repo.maven.apache.org/maven2/org/junit/jupiter/junit-jupiter-api/5.7.2/junit-jupiter-api-5.7.2.pom
2021-07-06 16:25:05,513 [Worker-33] INFO  o.e.m.c.i.e.AbstractTransferListenerAdapter - Downloaded https://repo.maven.apache.org/maven2/org/junit/jupiter/junit-jupiter-api/5.7.2/junit-jupiter-api-5.7.2.pom
2021-07-06 16:25:05,849 [Worker-33] INFO  o.e.m.c.i.e.AbstractTransferListenerAdapter - Downloading https://repo.maven.apache.org/maven2/org/junit/platform/junit-platform-commons/1.7.2/junit-platform-commons-1.7.2.pom
2021-07-06 16:25:06,123 [Worker-33] INFO  o.e.m.c.i.e.AbstractTransferListenerAdapter - Downloaded https://repo.maven.apache.org/maven2/org/junit/platform/junit-platform-commons/1.7.2/junit-platform-commons-1.7.2.pom
2021-07-06 16:25:06,517 [Worker-33] INFO  o.e.m.c.i.e.AbstractTransferListenerAdapter - Downloading https://repo.maven.apache.org/maven2/org/junit/jupiter/junit-jupiter-params/5.7.2/junit-jupiter-params-5.7.2.pom
2021-07-06 16:25:06,912 [Worker-33] INFO  o.e.m.c.i.e.AbstractTransferListenerAdapter - Downloaded https://repo.maven.apache.org/maven2/org/junit/jupiter/junit-jupiter-params/5.7.2/junit-jupiter-params-5.7.2.pom
2021-07-06 16:25:07,463 [Worker-33] INFO  o.e.m.c.i.e.AbstractTransferListenerAdapter - Downloading https://repo.maven.apache.org/maven2/org/junit/jupiter/junit-jupiter-engine/5.7.2/junit-jupiter-engine-5.7.2.pom
2021-07-06 16:25:07,776 [Worker-33] INFO  o.e.m.c.i.e.AbstractTransferListenerAdapter - Downloaded https://repo.maven.apache.org/maven2/org/junit/jupiter/junit-jupiter-engine/5.7.2/junit-jupiter-engine-5.7.2.pom
2021-07-06 16:25:08,090 [Worker-33] INFO  o.e.m.c.i.e.AbstractTransferListenerAdapter - Downloading https://repo.maven.apache.org/maven2/org/junit/platform/junit-platform-engine/1.7.2/junit-platform-engine-1.7.2.pom
2021-07-06 16:25:08,395 [Worker-33] INFO  o.e.m.c.i.e.AbstractTransferListenerAdapter - Downloaded https://repo.maven.apache.org/maven2/org/junit/platform/junit-platform-engine/1.7.2/junit-platform-engine-1.7.2.pom
2021-07-06 16:25:08,729 [Worker-33] INFO  o.e.m.c.i.e.AbstractTransferListenerAdapter - Downloading https://repo.maven.apache.org/maven2/org/mockito/mockito-core/3.9.0/mockito-core-3.9.0.pom
2021-07-06 16:25:09,088 [Worker-33] INFO  o.e.m.c.i.e.AbstractTransferListenerAdapter - Downloaded https://repo.maven.apache.org/maven2/org/mockito/mockito-core/3.9.0/mockito-core-3.9.0.pom
2021-07-06 16:25:09,420 [Worker-33] INFO  o.e.m.c.i.e.AbstractTransferListenerAdapter - Downloading https://repo.maven.apache.org/maven2/net/bytebuddy/byte-buddy-agent/1.10.22/byte-buddy-agent-1.10.22.pom
2021-07-06 16:25:09,805 [Worker-33] INFO  o.e.m.c.i.e.AbstractTransferListenerAdapter - Downloaded https://repo.maven.apache.org/maven2/net/bytebuddy/byte-buddy-agent/1.10.22/byte-buddy-agent-1.10.22.pom
2021-07-06 16:25:10,203 [Worker-33] INFO  o.e.m.c.i.e.AbstractTransferListenerAdapter - Downloading https://repo.maven.apache.org/maven2/org/objenesis/objenesis/3.2/objenesis-3.2.pom
2021-07-06 16:25:10,674 [Worker-33] INFO  o.e.m.c.i.e.AbstractTransferListenerAdapter - Downloaded https://repo.maven.apache.org/maven2/org/objenesis/objenesis/3.2/objenesis-3.2.pom
2021-07-06 16:25:11,025 [Worker-33] INFO  o.e.m.c.i.e.AbstractTransferListenerAdapter - Downloading https://repo.maven.apache.org/maven2/org/objenesis/objenesis-parent/3.2/objenesis-parent-3.2.pom
2021-07-06 16:25:11,629 [Worker-33] INFO  o.e.m.c.i.e.AbstractTransferListenerAdapter - Downloaded https://repo.maven.apache.org/maven2/org/objenesis/objenesis-parent/3.2/objenesis-parent-3.2.pom
2021-07-06 16:25:11,934 [Worker-33] INFO  o.e.m.c.i.e.AbstractTransferListenerAdapter - Downloading https://repo.maven.apache.org/maven2/org/mockito/mockito-junit-jupiter/3.9.0/mockito-junit-jupiter-3.9.0.pom
2021-07-06 16:25:12,235 [Worker-33] INFO  o.e.m.c.i.e.AbstractTransferListenerAdapter - Downloaded https://repo.maven.apache.org/maven2/org/mockito/mockito-junit-jupiter/3.9.0/mockito-junit-jupiter-3.9.0.pom
2021-07-06 16:25:12,555 [Worker-33] INFO  o.e.m.c.i.e.AbstractTransferListenerAdapter - Downloading https://repo.maven.apache.org/maven2/org/springframework/spring-test/5.3.8/spring-test-5.3.8.pom
2021-07-06 16:25:12,869 [Worker-33] INFO  o.e.m.c.i.e.AbstractTransferListenerAdapter - Downloaded https://repo.maven.apache.org/maven2/org/springframework/spring-test/5.3.8/spring-test-5.3.8.pom
2021-07-06 16:25:13,157 [Worker-33] INFO  o.e.m.c.i.e.AbstractTransferListenerAdapter - Downloading https://repo.maven.apache.org/maven2/org/xmlunit/xmlunit-core/2.8.2/xmlunit-core-2.8.2.pom
2021-07-06 16:25:13,596 [Worker-33] INFO  o.e.m.c.i.e.AbstractTransferListenerAdapter - Downloaded https://repo.maven.apache.org/maven2/org/xmlunit/xmlunit-core/2.8.2/xmlunit-core-2.8.2.pom
2021-07-06 16:25:14,228 [Worker-33] INFO  o.e.m.c.i.e.AbstractTransferListenerAdapter - Downloading https://repo.maven.apache.org/maven2/org/xmlunit/xmlunit-parent/2.8.2/xmlunit-parent-2.8.2.pom
2021-07-06 16:25:14,516 [Worker-33] INFO  o.e.m.c.i.e.AbstractTransferListenerAdapter - Downloaded https://repo.maven.apache.org/maven2/org/xmlunit/xmlunit-parent/2.8.2/xmlunit-parent-2.8.2.pom
2021-07-06 16:25:15,056 [Worker-33] INFO  o.e.m.c.i.e.AbstractTransferListenerAdapter - Downloading https://repo.maven.apache.org/maven2/org/springframework/boot/spring-boot-starter-data-jpa/2.5.2/spring-boot-starter-data-jpa-2.5.2.jar
2021-07-06 16:25:15,431 [Worker-33] INFO  o.e.m.c.i.e.AbstractTransferListenerAdapter - Downloaded https://repo.maven.apache.org/maven2/org/springframework/boot/spring-boot-starter-data-jpa/2.5.2/spring-boot-starter-data-jpa-2.5.2.jar
2021-07-06 16:25:15,835 [Worker-33] INFO  o.e.m.c.i.e.AbstractTransferListenerAdapter - Downloading https://repo.maven.apache.org/maven2/org/springframework/boot/spring-boot-starter-aop/2.5.2/spring-boot-starter-aop-2.5.2.jar
2021-07-06 16:25:16,150 [Worker-33] INFO  o.e.m.c.i.e.AbstractTransferListenerAdapter - Downloaded https://repo.maven.apache.org/maven2/org/springframework/boot/spring-boot-starter-aop/2.5.2/spring-boot-starter-aop-2.5.2.jar
2021-07-06 16:25:16,472 [Worker-33] INFO  o.e.m.c.i.e.AbstractTransferListenerAdapter - Downloading https://repo.maven.apache.org/maven2/org/springframework/spring-aop/5.3.8/spring-aop-5.3.8.jar
2021-07-06 16:25:17,792 [Worker-33] INFO  o.e.m.c.i.e.AbstractTransferListenerAdapter - Downloaded https://repo.maven.apache.org/maven2/org/springframework/spring-aop/5.3.8/spring-aop-5.3.8.jar
2021-07-06 16:25:18,132 [Worker-33] INFO  o.e.m.c.i.e.AbstractTransferListenerAdapter - Downloading https://repo.maven.apache.org/maven2/org/aspectj/aspectjweaver/1.9.6/aspectjweaver-1.9.6.jar
2021-07-06 16:25:23,402 [Worker-33] INFO  o.e.m.c.i.e.AbstractTransferListenerAdapter - Downloaded https://repo.maven.apache.org/maven2/org/aspectj/aspectjweaver/1.9.6/aspectjweaver-1.9.6.jar
2021-07-06 16:25:23,697 [Worker-33] INFO  o.e.m.c.i.e.AbstractTransferListenerAdapter - Downloading https://repo.maven.apache.org/maven2/org/springframework/boot/spring-boot-starter-jdbc/2.5.2/spring-boot-starter-jdbc-2.5.2.jar
2021-07-06 16:25:23,993 [Worker-33] INFO  o.e.m.c.i.e.AbstractTransferListenerAdapter - Downloaded https://repo.maven.apache.org/maven2/org/springframework/boot/spring-boot-starter-jdbc/2.5.2/spring-boot-starter-jdbc-2.5.2.jar
2021-07-06 16:25:24,339 [Worker-33] INFO  o.e.m.c.i.e.AbstractTransferListenerAdapter - Downloading https://repo.maven.apache.org/maven2/com/zaxxer/HikariCP/4.0.3/HikariCP-4.0.3.jar
2021-07-06 16:25:24,958 [Worker-33] INFO  o.e.m.c.i.e.AbstractTransferListenerAdapter - Downloaded https://repo.maven.apache.org/maven2/com/zaxxer/HikariCP/4.0.3/HikariCP-4.0.3.jar
2021-07-06 16:25:25,383 [Worker-33] INFO  o.e.m.c.i.e.AbstractTransferListenerAdapter - Downloading https://repo.maven.apache.org/maven2/org/springframework/spring-jdbc/5.3.8/spring-jdbc-5.3.8.jar
2021-07-06 16:25:26,595 [Worker-33] INFO  o.e.m.c.i.e.AbstractTransferListenerAdapter - Downloaded https://repo.maven.apache.org/maven2/org/springframework/spring-jdbc/5.3.8/spring-jdbc-5.3.8.jar
2021-07-06 16:25:26,894 [Worker-33] INFO  o.e.m.c.i.e.AbstractTransferListenerAdapter - Downloading https://repo.maven.apache.org/maven2/org/hibernate/hibernate-core/5.4.32.Final/hibernate-core-5.4.32.Final.jar
2021-07-06 16:25:34,917 [Worker-33] INFO  o.e.m.c.i.e.AbstractTransferListenerAdapter - Downloaded https://repo.maven.apache.org/maven2/org/hibernate/hibernate-core/5.4.32.Final/hibernate-core-5.4.32.Final.jar
2021-07-06 16:25:35,227 [Worker-33] INFO  o.e.m.c.i.e.AbstractTransferListenerAdapter - Downloading https://repo.maven.apache.org/maven2/org/jboss/logging/jboss-logging/3.4.2.Final/jboss-logging-3.4.2.Final.jar
2021-07-06 16:25:35,680 [Worker-33] INFO  o.e.m.c.i.e.AbstractTransferListenerAdapter - Downloaded https://repo.maven.apache.org/maven2/org/jboss/logging/jboss-logging/3.4.2.Final/jboss-logging-3.4.2.Final.jar
2021-07-06 16:25:36,113 [Worker-33] INFO  o.e.m.c.i.e.AbstractTransferListenerAdapter - Downloading https://repo.maven.apache.org/maven2/org/javassist/javassist/3.27.0-GA/javassist-3.27.0-GA.jar
2021-07-06 16:25:37,143 [Worker-33] INFO  o.e.m.c.i.e.AbstractTransferListenerAdapter - Downloaded https://repo.maven.apache.org/maven2/org/javassist/javassist/3.27.0-GA/javassist-3.27.0-GA.jar
2021-07-06 16:25:37,448 [Worker-33] INFO  o.e.m.c.i.e.AbstractTransferListenerAdapter - Downloading https://repo.maven.apache.org/maven2/net/bytebuddy/byte-buddy/1.10.22/byte-buddy-1.10.22.jar
2021-07-06 16:25:39,909 [Worker-33] INFO  o.e.m.c.i.e.AbstractTransferListenerAdapter - Downloaded https://repo.maven.apache.org/maven2/net/bytebuddy/byte-buddy/1.10.22/byte-buddy-1.10.22.jar
2021-07-06 16:25:40,219 [Worker-33] INFO  o.e.m.c.i.e.AbstractTransferListenerAdapter - Downloading https://repo.maven.apache.org/maven2/org/jboss/jandex/2.2.3.Final/jandex-2.2.3.Final.jar
2021-07-06 16:25:40,770 [Worker-33] INFO  o.e.m.c.i.e.AbstractTransferListenerAdapter - Downloaded https://repo.maven.apache.org/maven2/org/jboss/jandex/2.2.3.Final/jandex-2.2.3.Final.jar
2021-07-06 16:25:41,130 [Worker-33] INFO  o.e.m.c.i.e.AbstractTransferListenerAdapter - Downloading https://repo.maven.apache.org/maven2/org/hibernate/common/hibernate-commons-annotations/5.1.2.Final/hibernate-commons-annotations-5.1.2.Final.jar
2021-07-06 16:25:41,426 [Worker-33] INFO  o.e.m.c.i.e.AbstractTransferListenerAdapter - Downloaded https://repo.maven.apache.org/maven2/org/hibernate/common/hibernate-commons-annotations/5.1.2.Final/hibernate-commons-annotations-5.1.2.Final.jar
2021-07-06 16:25:41,712 [Worker-33] INFO  o.e.m.c.i.e.AbstractTransferListenerAdapter - Downloading https://repo.maven.apache.org/maven2/org/glassfish/jaxb/jaxb-runtime/2.3.4/jaxb-runtime-2.3.4.jar
2021-07-06 16:25:42,893 [Worker-33] INFO  o.e.m.c.i.e.AbstractTransferListenerAdapter - Downloaded https://repo.maven.apache.org/maven2/org/glassfish/jaxb/jaxb-runtime/2.3.4/jaxb-runtime-2.3.4.jar
2021-07-06 16:25:43,219 [Worker-33] INFO  o.e.m.c.i.e.AbstractTransferListenerAdapter - Downloading https://repo.maven.apache.org/maven2/org/glassfish/jaxb/txw2/2.3.4/txw2-2.3.4.jar
2021-07-06 16:25:43,507 [Worker-33] INFO  o.e.m.c.i.e.AbstractTransferListenerAdapter - Downloaded https://repo.maven.apache.org/maven2/org/glassfish/jaxb/txw2/2.3.4/txw2-2.3.4.jar
2021-07-06 16:25:43,812 [Worker-33] INFO  o.e.m.c.i.e.AbstractTransferListenerAdapter - Downloading https://repo.maven.apache.org/maven2/com/sun/istack/istack-commons-runtime/3.0.12/istack-commons-runtime-3.0.12.jar
2021-07-06 16:25:44,117 [Worker-33] INFO  o.e.m.c.i.e.AbstractTransferListenerAdapter - Downloaded https://repo.maven.apache.org/maven2/com/sun/istack/istack-commons-runtime/3.0.12/istack-commons-runtime-3.0.12.jar
2021-07-06 16:25:44,383 [Worker-33] INFO  o.e.m.c.i.e.AbstractTransferListenerAdapter - Downloading https://repo.maven.apache.org/maven2/org/springframework/data/spring-data-jpa/2.5.2/spring-data-jpa-2.5.2.jar
2021-07-06 16:25:44,834 [Worker-33] INFO  o.e.m.c.i.e.AbstractTransferListenerAdapter - Downloaded https://repo.maven.apache.org/maven2/org/springframework/data/spring-data-jpa/2.5.2/spring-data-jpa-2.5.2.jar
2021-07-06 16:25:45,140 [Worker-33] INFO  o.e.m.c.i.e.AbstractTransferListenerAdapter - Downloading https://repo.maven.apache.org/maven2/org/springframework/data/spring-data-commons/2.5.2/spring-data-commons-2.5.2.jar
2021-07-06 16:25:46,120 [Worker-33] INFO  o.e.m.c.i.e.AbstractTransferListenerAdapter - Downloaded https://repo.maven.apache.org/maven2/org/springframework/data/spring-data-commons/2.5.2/spring-data-commons-2.5.2.jar
2021-07-06 16:25:46,457 [Worker-33] INFO  o.e.m.c.i.e.AbstractTransferListenerAdapter - Downloading https://repo.maven.apache.org/maven2/org/springframework/spring-orm/5.3.8/spring-orm-5.3.8.jar
2021-07-06 16:25:46,801 [Worker-33] INFO  o.e.m.c.i.e.AbstractTransferListenerAdapter - Downloaded https://repo.maven.apache.org/maven2/org/springframework/spring-orm/5.3.8/spring-orm-5.3.8.jar
2021-07-06 16:25:47,106 [Worker-33] INFO  o.e.m.c.i.e.AbstractTransferListenerAdapter - Downloading https://repo.maven.apache.org/maven2/org/springframework/spring-context/5.3.8/spring-context-5.3.8.jar
2021-07-06 16:25:48,079 [Worker-33] INFO  o.e.m.c.i.e.AbstractTransferListenerAdapter - Downloaded https://repo.maven.apache.org/maven2/org/springframework/spring-context/5.3.8/spring-context-5.3.8.jar
2021-07-06 16:25:48,371 [Worker-33] INFO  o.e.m.c.i.e.AbstractTransferListenerAdapter - Downloading https://repo.maven.apache.org/maven2/org/springframework/spring-tx/5.3.8/spring-tx-5.3.8.jar
2021-07-06 16:25:48,843 [Worker-33] INFO  o.e.m.c.i.e.AbstractTransferListenerAdapter - Downloaded https://repo.maven.apache.org/maven2/org/springframework/spring-tx/5.3.8/spring-tx-5.3.8.jar
2021-07-06 16:25:49,230 [Worker-33] INFO  o.e.m.c.i.e.AbstractTransferListenerAdapter - Downloading https://repo.maven.apache.org/maven2/org/springframework/spring-beans/5.3.8/spring-beans-5.3.8.jar
2021-07-06 16:25:50,043 [Worker-33] INFO  o.e.m.c.i.e.AbstractTransferListenerAdapter - Downloaded https://repo.maven.apache.org/maven2/org/springframework/spring-beans/5.3.8/spring-beans-5.3.8.jar
2021-07-06 16:25:50,449 [Worker-33] INFO  o.e.m.c.i.e.AbstractTransferListenerAdapter - Downloading https://repo.maven.apache.org/maven2/org/slf4j/slf4j-api/1.7.31/slf4j-api-1.7.31.jar
2021-07-06 16:25:50,942 [Worker-33] INFO  o.e.m.c.i.e.AbstractTransferListenerAdapter - Downloaded https://repo.maven.apache.org/maven2/org/slf4j/slf4j-api/1.7.31/slf4j-api-1.7.31.jar
2021-07-06 16:25:51,247 [Worker-33] INFO  o.e.m.c.i.e.AbstractTransferListenerAdapter - Downloading https://repo.maven.apache.org/maven2/org/springframework/spring-aspects/5.3.8/spring-aspects-5.3.8.jar
2021-07-06 16:25:51,544 [Worker-33] INFO  o.e.m.c.i.e.AbstractTransferListenerAdapter - Downloaded https://repo.maven.apache.org/maven2/org/springframework/spring-aspects/5.3.8/spring-aspects-5.3.8.jar
2021-07-06 16:25:51,848 [Worker-33] INFO  o.e.m.c.i.e.AbstractTransferListenerAdapter - Downloading https://repo.maven.apache.org/maven2/org/springframework/boot/spring-boot-starter-web/2.5.2/spring-boot-starter-web-2.5.2.jar
2021-07-06 16:25:52,190 [Worker-33] INFO  o.e.m.c.i.e.AbstractTransferListenerAdapter - Downloaded https://repo.maven.apache.org/maven2/org/springframework/boot/spring-boot-starter-web/2.5.2/spring-boot-starter-web-2.5.2.jar
2021-07-06 16:25:52,494 [Worker-33] INFO  o.e.m.c.i.e.AbstractTransferListenerAdapter - Downloading https://repo.maven.apache.org/maven2/org/springframework/boot/spring-boot-starter/2.5.2/spring-boot-starter-2.5.2.jar
2021-07-06 16:25:52,797 [Worker-33] INFO  o.e.m.c.i.e.AbstractTransferListenerAdapter - Downloaded https://repo.maven.apache.org/maven2/org/springframework/boot/spring-boot-starter/2.5.2/spring-boot-starter-2.5.2.jar
2021-07-06 16:25:53,093 [Worker-33] INFO  o.e.m.c.i.e.AbstractTransferListenerAdapter - Downloading https://repo.maven.apache.org/maven2/org/springframework/boot/spring-boot-starter-logging/2.5.2/spring-boot-starter-logging-2.5.2.jar
2021-07-06 16:25:53,426 [Worker-33] INFO  o.e.m.c.i.e.AbstractTransferListenerAdapter - Downloaded https://repo.maven.apache.org/maven2/org/springframework/boot/spring-boot-starter-logging/2.5.2/spring-boot-starter-logging-2.5.2.jar
2021-07-06 16:25:53,714 [Worker-33] INFO  o.e.m.c.i.e.AbstractTransferListenerAdapter - Downloading https://repo.maven.apache.org/maven2/org/apache/logging/log4j/log4j-to-slf4j/2.14.1/log4j-to-slf4j-2.14.1.jar
2021-07-06 16:25:54,041 [Worker-33] INFO  o.e.m.c.i.e.AbstractTransferListenerAdapter - Downloaded https://repo.maven.apache.org/maven2/org/apache/logging/log4j/log4j-to-slf4j/2.14.1/log4j-to-slf4j-2.14.1.jar
2021-07-06 16:25:54,351 [Worker-33] INFO  o.e.m.c.i.e.AbstractTransferListenerAdapter - Downloading https://repo.maven.apache.org/maven2/org/apache/logging/log4j/log4j-api/2.14.1/log4j-api-2.14.1.jar
2021-07-06 16:25:54,860 [Worker-33] INFO  o.e.m.c.i.e.AbstractTransferListenerAdapter - Downloaded https://repo.maven.apache.org/maven2/org/apache/logging/log4j/log4j-api/2.14.1/log4j-api-2.14.1.jar
2021-07-06 16:25:55,156 [Worker-33] INFO  o.e.m.c.i.e.AbstractTransferListenerAdapter - Downloading https://repo.maven.apache.org/maven2/org/slf4j/jul-to-slf4j/1.7.31/jul-to-slf4j-1.7.31.jar
2021-07-06 16:25:55,547 [Worker-33] INFO  o.e.m.c.i.e.AbstractTransferListenerAdapter - Downloaded https://repo.maven.apache.org/maven2/org/slf4j/jul-to-slf4j/1.7.31/jul-to-slf4j-1.7.31.jar
2021-07-06 16:25:55,829 [Worker-33] INFO  o.e.m.c.i.e.AbstractTransferListenerAdapter - Downloading https://repo.maven.apache.org/maven2/org/yaml/snakeyaml/1.28/snakeyaml-1.28.jar
2021-07-06 16:25:56,339 [Worker-33] INFO  o.e.m.c.i.e.AbstractTransferListenerAdapter - Downloaded https://repo.maven.apache.org/maven2/org/yaml/snakeyaml/1.28/snakeyaml-1.28.jar
2021-07-06 16:25:56,625 [Worker-33] INFO  o.e.m.c.i.e.AbstractTransferListenerAdapter - Downloading https://repo.maven.apache.org/maven2/org/springframework/boot/spring-boot-starter-json/2.5.2/spring-boot-starter-json-2.5.2.jar
2021-07-06 16:25:57,003 [Worker-33] INFO  o.e.m.c.i.e.AbstractTransferListenerAdapter - Downloaded https://repo.maven.apache.org/maven2/org/springframework/boot/spring-boot-starter-json/2.5.2/spring-boot-starter-json-2.5.2.jar
2021-07-06 16:25:57,309 [Worker-33] INFO  o.e.m.c.i.e.AbstractTransferListenerAdapter - Downloading https://repo.maven.apache.org/maven2/com/fasterxml/jackson/core/jackson-databind/2.12.3/jackson-databind-2.12.3.jar
2021-07-06 16:25:58,543 [Worker-33] INFO  o.e.m.c.i.e.AbstractTransferListenerAdapter - Downloaded https://repo.maven.apache.org/maven2/com/fasterxml/jackson/core/jackson-databind/2.12.3/jackson-databind-2.12.3.jar
2021-07-06 16:25:58,859 [Worker-33] INFO  o.e.m.c.i.e.AbstractTransferListenerAdapter - Downloading https://repo.maven.apache.org/maven2/com/fasterxml/jackson/core/jackson-annotations/2.12.3/jackson-annotations-2.12.3.jar
2021-07-06 16:25:59,163 [Worker-33] INFO  o.e.m.c.i.e.AbstractTransferListenerAdapter - Downloaded https://repo.maven.apache.org/maven2/com/fasterxml/jackson/core/jackson-annotations/2.12.3/jackson-annotations-2.12.3.jar
2021-07-06 16:25:59,472 [Worker-33] INFO  o.e.m.c.i.e.AbstractTransferListenerAdapter - Downloading https://repo.maven.apache.org/maven2/com/fasterxml/jackson/core/jackson-core/2.12.3/jackson-core-2.12.3.jar
2021-07-06 16:25:59,945 [Worker-33] INFO  o.e.m.c.i.e.AbstractTransferListenerAdapter - Downloaded https://repo.maven.apache.org/maven2/com/fasterxml/jackson/core/jackson-core/2.12.3/jackson-core-2.12.3.jar
2021-07-06 16:26:00,280 [Worker-33] INFO  o.e.m.c.i.e.AbstractTransferListenerAdapter - Downloading https://repo.maven.apache.org/maven2/com/fasterxml/jackson/datatype/jackson-datatype-jdk8/2.12.3/jackson-datatype-jdk8-2.12.3.jar
2021-07-06 16:26:00,582 [Worker-33] INFO  o.e.m.c.i.e.AbstractTransferListenerAdapter - Downloaded https://repo.maven.apache.org/maven2/com/fasterxml/jackson/datatype/jackson-datatype-jdk8/2.12.3/jackson-datatype-jdk8-2.12.3.jar
2021-07-06 16:26:00,889 [Worker-33] INFO  o.e.m.c.i.e.AbstractTransferListenerAdapter - Downloading https://repo.maven.apache.org/maven2/com/fasterxml/jackson/datatype/jackson-datatype-jsr310/2.12.3/jackson-datatype-jsr310-2.12.3.jar
2021-07-06 16:26:01,241 [Worker-33] INFO  o.e.m.c.i.e.AbstractTransferListenerAdapter - Downloaded https://repo.maven.apache.org/maven2/com/fasterxml/jackson/datatype/jackson-datatype-jsr310/2.12.3/jackson-datatype-jsr310-2.12.3.jar
2021-07-06 16:26:01,531 [Worker-33] INFO  o.e.m.c.i.e.AbstractTransferListenerAdapter - Downloading https://repo.maven.apache.org/maven2/com/fasterxml/jackson/module/jackson-module-parameter-names/2.12.3/jackson-module-parameter-names-2.12.3.jar
2021-07-06 16:26:01,835 [Worker-33] INFO  o.e.m.c.i.e.AbstractTransferListenerAdapter - Downloaded https://repo.maven.apache.org/maven2/com/fasterxml/jackson/module/jackson-module-parameter-names/2.12.3/jackson-module-parameter-names-2.12.3.jar
2021-07-06 16:26:02,118 [Worker-33] INFO  o.e.m.c.i.e.AbstractTransferListenerAdapter - Downloading https://repo.maven.apache.org/maven2/org/springframework/boot/spring-boot-starter-tomcat/2.5.2/spring-boot-starter-tomcat-2.5.2.jar
2021-07-06 16:26:02,421 [Worker-33] INFO  o.e.m.c.i.e.AbstractTransferListenerAdapter - Downloaded https://repo.maven.apache.org/maven2/org/springframework/boot/spring-boot-starter-tomcat/2.5.2/spring-boot-starter-tomcat-2.5.2.jar
2021-07-06 16:26:02,732 [Worker-33] INFO  o.e.m.c.i.e.AbstractTransferListenerAdapter - Downloading https://repo.maven.apache.org/maven2/org/apache/tomcat/embed/tomcat-embed-core/9.0.48/tomcat-embed-core-9.0.48.jar
2021-07-06 16:26:05,282 [Worker-33] INFO  o.e.m.c.i.e.AbstractTransferListenerAdapter - Downloaded https://repo.maven.apache.org/maven2/org/apache/tomcat/embed/tomcat-embed-core/9.0.48/tomcat-embed-core-9.0.48.jar
2021-07-06 16:26:05,590 [Worker-33] INFO  o.e.m.c.i.e.AbstractTransferListenerAdapter - Downloading https://repo.maven.apache.org/maven2/org/apache/tomcat/embed/tomcat-embed-el/9.0.48/tomcat-embed-el-9.0.48.jar
2021-07-06 16:26:06,080 [Worker-33] INFO  o.e.m.c.i.e.AbstractTransferListenerAdapter - Downloaded https://repo.maven.apache.org/maven2/org/apache/tomcat/embed/tomcat-embed-el/9.0.48/tomcat-embed-el-9.0.48.jar
2021-07-06 16:26:06,383 [Worker-33] INFO  o.e.m.c.i.e.AbstractTransferListenerAdapter - Downloading https://repo.maven.apache.org/maven2/org/apache/tomcat/embed/tomcat-embed-websocket/9.0.48/tomcat-embed-websocket-9.0.48.jar
2021-07-06 16:26:06,835 [Worker-33] INFO  o.e.m.c.i.e.AbstractTransferListenerAdapter - Downloaded https://repo.maven.apache.org/maven2/org/apache/tomcat/embed/tomcat-embed-websocket/9.0.48/tomcat-embed-websocket-9.0.48.jar
2021-07-06 16:26:07,150 [Worker-33] INFO  o.e.m.c.i.e.AbstractTransferListenerAdapter - Downloading https://repo.maven.apache.org/maven2/org/springframework/spring-web/5.3.8/spring-web-5.3.8.jar
2021-07-06 16:26:08,290 [Worker-33] INFO  o.e.m.c.i.e.AbstractTransferListenerAdapter - Downloaded https://repo.maven.apache.org/maven2/org/springframework/spring-web/5.3.8/spring-web-5.3.8.jar
2021-07-06 16:26:08,625 [Worker-33] INFO  o.e.m.c.i.e.AbstractTransferListenerAdapter - Downloading https://repo.maven.apache.org/maven2/org/springframework/spring-webmvc/5.3.8/spring-webmvc-5.3.8.jar
2021-07-06 16:26:09,407 [Worker-33] INFO  o.e.m.c.i.e.AbstractTransferListenerAdapter - Downloaded https://repo.maven.apache.org/maven2/org/springframework/spring-webmvc/5.3.8/spring-webmvc-5.3.8.jar
2021-07-06 16:26:09,711 [Worker-33] INFO  o.e.m.c.i.e.AbstractTransferListenerAdapter - Downloading https://repo.maven.apache.org/maven2/org/springframework/spring-expression/5.3.8/spring-expression-5.3.8.jar
2021-07-06 16:26:10,195 [Worker-33] INFO  o.e.m.c.i.e.AbstractTransferListenerAdapter - Downloaded https://repo.maven.apache.org/maven2/org/springframework/spring-expression/5.3.8/spring-expression-5.3.8.jar
2021-07-06 16:26:10,477 [Worker-33] INFO  o.e.m.c.i.e.AbstractTransferListenerAdapter - Downloading https://repo.maven.apache.org/maven2/org/springframework/boot/spring-boot-devtools/2.5.2/spring-boot-devtools-2.5.2.jar
2021-07-06 16:26:10,941 [Worker-33] INFO  o.e.m.c.i.e.AbstractTransferListenerAdapter - Downloaded https://repo.maven.apache.org/maven2/org/springframework/boot/spring-boot-devtools/2.5.2/spring-boot-devtools-2.5.2.jar
2021-07-06 16:26:11,316 [Worker-33] INFO  o.e.m.c.i.e.AbstractTransferListenerAdapter - Downloading https://repo.maven.apache.org/maven2/org/springframework/boot/spring-boot/2.5.2/spring-boot-2.5.2.jar
2021-07-06 16:26:12,642 [Worker-33] INFO  o.e.m.c.i.e.AbstractTransferListenerAdapter - Downloaded https://repo.maven.apache.org/maven2/org/springframework/boot/spring-boot/2.5.2/spring-boot-2.5.2.jar
2021-07-06 16:26:13,268 [Worker-33] INFO  o.e.m.c.i.e.AbstractTransferListenerAdapter - Downloading https://repo.maven.apache.org/maven2/org/springframework/boot/spring-boot-autoconfigure/2.5.2/spring-boot-autoconfigure-2.5.2.jar
2021-07-06 16:26:14,282 [Worker-33] INFO  o.e.m.c.i.e.AbstractTransferListenerAdapter - Downloaded https://repo.maven.apache.org/maven2/org/springframework/boot/spring-boot-autoconfigure/2.5.2/spring-boot-autoconfigure-2.5.2.jar
2021-07-06 16:26:14,673 [Worker-33] INFO  o.e.m.c.i.e.AbstractTransferListenerAdapter - Downloading https://repo.maven.apache.org/maven2/mysql/mysql-connector-java/8.0.25/mysql-connector-java-8.0.25.jar
2021-07-06 16:26:16,674 [Worker-33] INFO  o.e.m.c.i.e.AbstractTransferListenerAdapter - Downloaded https://repo.maven.apache.org/maven2/mysql/mysql-connector-java/8.0.25/mysql-connector-java-8.0.25.jar
2021-07-06 16:26:17,070 [Worker-33] INFO  o.e.m.c.i.e.AbstractTransferListenerAdapter - Downloading https://repo.maven.apache.org/maven2/org/springframework/boot/spring-boot-starter-test/2.5.2/spring-boot-starter-test-2.5.2.jar
2021-07-06 16:26:17,365 [Worker-33] INFO  o.e.m.c.i.e.AbstractTransferListenerAdapter - Downloaded https://repo.maven.apache.org/maven2/org/springframework/boot/spring-boot-starter-test/2.5.2/spring-boot-starter-test-2.5.2.jar
2021-07-06 16:26:17,672 [Worker-33] INFO  o.e.m.c.i.e.AbstractTransferListenerAdapter - Downloading https://repo.maven.apache.org/maven2/org/springframework/boot/spring-boot-test/2.5.2/spring-boot-test-2.5.2.jar
2021-07-06 16:26:18,116 [Worker-33] INFO  o.e.m.c.i.e.AbstractTransferListenerAdapter - Downloaded https://repo.maven.apache.org/maven2/org/springframework/boot/spring-boot-test/2.5.2/spring-boot-test-2.5.2.jar
2021-07-06 16:26:18,416 [Worker-33] INFO  o.e.m.c.i.e.AbstractTransferListenerAdapter - Downloading https://repo.maven.apache.org/maven2/org/springframework/boot/spring-boot-test-autoconfigure/2.5.2/spring-boot-test-autoconfigure-2.5.2.jar
2021-07-06 16:26:18,787 [Worker-33] INFO  o.e.m.c.i.e.AbstractTransferListenerAdapter - Downloaded https://repo.maven.apache.org/maven2/org/springframework/boot/spring-boot-test-autoconfigure/2.5.2/spring-boot-test-autoconfigure-2.5.2.jar
2021-07-06 16:26:19,088 [Worker-33] INFO  o.e.m.c.i.e.AbstractTransferListenerAdapter - Downloading https://repo.maven.apache.org/maven2/com/jayway/jsonpath/json-path/2.5.0/json-path-2.5.0.jar
2021-07-06 16:26:19,474 [Worker-33] INFO  o.e.m.c.i.e.AbstractTransferListenerAdapter - Downloaded https://repo.maven.apache.org/maven2/com/jayway/jsonpath/json-path/2.5.0/json-path-2.5.0.jar
2021-07-06 16:26:19,742 [Worker-33] INFO  o.e.m.c.i.e.AbstractTransferListenerAdapter - Downloading https://repo.maven.apache.org/maven2/net/minidev/json-smart/2.4.7/json-smart-2.4.7.jar
2021-07-06 16:26:20,091 [Worker-33] INFO  o.e.m.c.i.e.AbstractTransferListenerAdapter - Downloaded https://repo.maven.apache.org/maven2/net/minidev/json-smart/2.4.7/json-smart-2.4.7.jar
2021-07-06 16:26:20,407 [Worker-33] INFO  o.e.m.c.i.e.AbstractTransferListenerAdapter - Downloading https://repo.maven.apache.org/maven2/net/minidev/accessors-smart/2.4.7/accessors-smart-2.4.7.jar
2021-07-06 16:26:20,804 [Worker-33] INFO  o.e.m.c.i.e.AbstractTransferListenerAdapter - Downloaded https://repo.maven.apache.org/maven2/net/minidev/accessors-smart/2.4.7/accessors-smart-2.4.7.jar
2021-07-06 16:26:21,081 [Worker-33] INFO  o.e.m.c.i.e.AbstractTransferListenerAdapter - Downloading https://repo.maven.apache.org/maven2/org/ow2/asm/asm/9.1/asm-9.1.jar
2021-07-06 16:26:21,530 [Worker-33] INFO  o.e.m.c.i.e.AbstractTransferListenerAdapter - Downloaded https://repo.maven.apache.org/maven2/org/ow2/asm/asm/9.1/asm-9.1.jar
2021-07-06 16:26:22,213 [Worker-33] INFO  o.e.m.c.i.e.AbstractTransferListenerAdapter - Downloading https://repo.maven.apache.org/maven2/org/assertj/assertj-core/3.19.0/assertj-core-3.19.0.jar
2021-07-06 16:26:25,236 [Worker-33] INFO  o.e.m.c.i.e.AbstractTransferListenerAdapter - Downloaded https://repo.maven.apache.org/maven2/org/assertj/assertj-core/3.19.0/assertj-core-3.19.0.jar
2021-07-06 16:26:25,516 [Worker-33] INFO  o.e.m.c.i.e.AbstractTransferListenerAdapter - Downloading https://repo.maven.apache.org/maven2/org/junit/jupiter/junit-jupiter/5.7.2/junit-jupiter-5.7.2.jar
2021-07-06 16:26:25,806 [Worker-33] INFO  o.e.m.c.i.e.AbstractTransferListenerAdapter - Downloaded https://repo.maven.apache.org/maven2/org/junit/jupiter/junit-jupiter/5.7.2/junit-jupiter-5.7.2.jar
2021-07-06 16:26:26,098 [Worker-33] INFO  o.e.m.c.i.e.AbstractTransferListenerAdapter - Downloading https://repo.maven.apache.org/maven2/org/junit/jupiter/junit-jupiter-api/5.7.2/junit-jupiter-api-5.7.2.jar
2021-07-06 16:26:26,476 [Worker-33] INFO  o.e.m.c.i.e.AbstractTransferListenerAdapter - Downloaded https://repo.maven.apache.org/maven2/org/junit/jupiter/junit-jupiter-api/5.7.2/junit-jupiter-api-5.7.2.jar
2021-07-06 16:26:26,784 [Worker-33] INFO  o.e.m.c.i.e.AbstractTransferListenerAdapter - Downloading https://repo.maven.apache.org/maven2/org/junit/platform/junit-platform-commons/1.7.2/junit-platform-commons-1.7.2.jar
2021-07-06 16:26:27,121 [Worker-33] INFO  o.e.m.c.i.e.AbstractTransferListenerAdapter - Downloaded https://repo.maven.apache.org/maven2/org/junit/platform/junit-platform-commons/1.7.2/junit-platform-commons-1.7.2.jar
2021-07-06 16:26:27,411 [Worker-33] INFO  o.e.m.c.i.e.AbstractTransferListenerAdapter - Downloading https://repo.maven.apache.org/maven2/org/junit/jupiter/junit-jupiter-params/5.7.2/junit-jupiter-params-5.7.2.jar
2021-07-06 16:26:28,283 [Worker-33] INFO  o.e.m.c.i.e.AbstractTransferListenerAdapter - Downloaded https://repo.maven.apache.org/maven2/org/junit/jupiter/junit-jupiter-params/5.7.2/junit-jupiter-params-5.7.2.jar
2021-07-06 16:26:28,594 [Worker-33] INFO  o.e.m.c.i.e.AbstractTransferListenerAdapter - Downloading https://repo.maven.apache.org/maven2/org/junit/jupiter/junit-jupiter-engine/5.7.2/junit-jupiter-engine-5.7.2.jar
2021-07-06 16:26:29,064 [Worker-33] INFO  o.e.m.c.i.e.AbstractTransferListenerAdapter - Downloaded https://repo.maven.apache.org/maven2/org/junit/jupiter/junit-jupiter-engine/5.7.2/junit-jupiter-engine-5.7.2.jar
2021-07-06 16:26:29,377 [Worker-33] INFO  o.e.m.c.i.e.AbstractTransferListenerAdapter - Downloading https://repo.maven.apache.org/maven2/org/junit/platform/junit-platform-engine/1.7.2/junit-platform-engine-1.7.2.jar
2021-07-06 16:26:29,800 [Worker-33] INFO  o.e.m.c.i.e.AbstractTransferListenerAdapter - Downloaded https://repo.maven.apache.org/maven2/org/junit/platform/junit-platform-engine/1.7.2/junit-platform-engine-1.7.2.jar
2021-07-06 16:26:30,100 [Worker-33] INFO  o.e.m.c.i.e.AbstractTransferListenerAdapter - Downloading https://repo.maven.apache.org/maven2/org/mockito/mockito-core/3.9.0/mockito-core-3.9.0.jar
2021-07-06 16:26:30,840 [Worker-33] INFO  o.e.m.c.i.e.AbstractTransferListenerAdapter - Downloaded https://repo.maven.apache.org/maven2/org/mockito/mockito-core/3.9.0/mockito-core-3.9.0.jar
2021-07-06 16:26:31,139 [Worker-33] INFO  o.e.m.c.i.e.AbstractTransferListenerAdapter - Downloading https://repo.maven.apache.org/maven2/net/bytebuddy/byte-buddy-agent/1.10.22/byte-buddy-agent-1.10.22.jar
2021-07-06 16:26:31,988 [Worker-33] INFO  o.e.m.c.i.e.AbstractTransferListenerAdapter - Downloaded https://repo.maven.apache.org/maven2/net/bytebuddy/byte-buddy-agent/1.10.22/byte-buddy-agent-1.10.22.jar
2021-07-06 16:26:32,333 [Worker-33] INFO  o.e.m.c.i.e.AbstractTransferListenerAdapter - Downloading https://repo.maven.apache.org/maven2/org/objenesis/objenesis/3.2/objenesis-3.2.jar
2021-07-06 16:26:32,688 [Worker-33] INFO  o.e.m.c.i.e.AbstractTransferListenerAdapter - Downloaded https://repo.maven.apache.org/maven2/org/objenesis/objenesis/3.2/objenesis-3.2.jar
2021-07-06 16:26:32,971 [Worker-33] INFO  o.e.m.c.i.e.AbstractTransferListenerAdapter - Downloading https://repo.maven.apache.org/maven2/org/mockito/mockito-junit-jupiter/3.9.0/mockito-junit-jupiter-3.9.0.jar
2021-07-06 16:26:33,270 [Worker-33] INFO  o.e.m.c.i.e.AbstractTransferListenerAdapter - Downloaded https://repo.maven.apache.org/maven2/org/mockito/mockito-junit-jupiter/3.9.0/mockito-junit-jupiter-3.9.0.jar
2021-07-06 16:26:33,587 [Worker-33] INFO  o.e.m.c.i.e.AbstractTransferListenerAdapter - Downloading https://repo.maven.apache.org/maven2/org/springframework/spring-core/5.3.8/spring-core-5.3.8.jar
2021-07-06 16:26:34,630 [Worker-33] INFO  o.e.m.c.i.e.AbstractTransferListenerAdapter - Downloaded https://repo.maven.apache.org/maven2/org/springframework/spring-core/5.3.8/spring-core-5.3.8.jar
2021-07-06 16:26:34,936 [Worker-33] INFO  o.e.m.c.i.e.AbstractTransferListenerAdapter - Downloading https://repo.maven.apache.org/maven2/org/springframework/spring-jcl/5.3.8/spring-jcl-5.3.8.jar
2021-07-06 16:26:35,242 [Worker-33] INFO  o.e.m.c.i.e.AbstractTransferListenerAdapter - Downloaded https://repo.maven.apache.org/maven2/org/springframework/spring-jcl/5.3.8/spring-jcl-5.3.8.jar
2021-07-06 16:26:35,540 [Worker-33] INFO  o.e.m.c.i.e.AbstractTransferListenerAdapter - Downloading https://repo.maven.apache.org/maven2/org/springframework/spring-test/5.3.8/spring-test-5.3.8.jar
2021-07-06 16:26:36,434 [Worker-33] INFO  o.e.m.c.i.e.AbstractTransferListenerAdapter - Downloaded https://repo.maven.apache.org/maven2/org/springframework/spring-test/5.3.8/spring-test-5.3.8.jar
2021-07-06 16:26:36,730 [Worker-33] INFO  o.e.m.c.i.e.AbstractTransferListenerAdapter - Downloading https://repo.maven.apache.org/maven2/org/xmlunit/xmlunit-core/2.8.2/xmlunit-core-2.8.2.jar
2021-07-06 16:26:37,136 [Worker-33] INFO  o.e.m.c.i.e.AbstractTransferListenerAdapter - Downloaded https://repo.maven.apache.org/maven2/org/xmlunit/xmlunit-core/2.8.2/xmlunit-core-2.8.2.jar
2021-07-06 16:26:44,514 [Worker-33] INFO  o.e.m.c.i.e.AbstractTransferListenerAdapter - Downloading https://repo.maven.apache.org/maven2/org/apache/maven/plugins/maven-resources-plugin/3.2.0/maven-resources-plugin-3.2.0.pom
2021-07-06 16:26:45,193 [Worker-33] INFO  o.e.m.c.i.e.AbstractTransferListenerAdapter - Downloaded https://repo.maven.apache.org/maven2/org/apache/maven/plugins/maven-resources-plugin/3.2.0/maven-resources-plugin-3.2.0.pom
